TN:
SF:eslint.config.js
FN:1,(empty-report)
FNF:1
FNH:0
FNDA:0,(empty-report)
DA:1,0
DA:3,0
DA:5,0
LF:3
LH:0
BRDA:1,0,0,0
BRF:1
BRH:0
end_of_record
TN:
SF:prettier.config.js
FN:1,(empty-report)
FNF:1
FNH:0
FNDA:0,(empty-report)
DA:1,0
DA:3,0
DA:4,0
DA:5,0
DA:6,0
DA:7,0
DA:8,0
DA:10,0
LF:8
LH:0
BRDA:1,0,0,0
BRF:1
BRH:0
end_of_record
TN:
SF:vite.config.ts
FN:1,(empty-report)
FNF:1
FNH:0
FNDA:0,(empty-report)
DA:1,0
DA:2,0
DA:4,0
DA:6,0
DA:7,0
DA:10,0
DA:11,0
DA:13,0
DA:14,0
DA:15,0
DA:16,0
DA:17,0
DA:18,0
DA:19,0
DA:20,0
DA:21,0
DA:22,0
DA:23,0
DA:24,0
DA:25,0
DA:26,0
DA:27,0
DA:28,0
DA:29,0
DA:30,0
DA:31,0
DA:32,0
DA:33,0
DA:34,0
DA:35,0
DA:36,0
DA:37,0
DA:38,0
DA:39,0
DA:40,0
DA:41,0
DA:42,0
DA:43,0
DA:44,0
DA:45,0
DA:46,0
DA:47,0
DA:48,0
DA:49,0
DA:50,0
DA:51,0
DA:52,0
DA:53,0
DA:54,0
DA:55,0
DA:56,0
DA:57,0
DA:58,0
DA:59,0
DA:60,0
DA:61,0
DA:62,0
DA:63,0
DA:64,0
DA:65,0
DA:66,0
DA:67,0
DA:68,0
DA:69,0
DA:70,0
LF:65
LH:0
BRDA:1,0,0,0
BRF:1
BRH:0
end_of_record
TN:
SF:src/components/Seo.tsx
FN:12,upsertMeta
FN:30,upsertCanonical
FN:43,upsertStructuredData
FN:58,Seo
FN:64,t3
FNF:5
FNH:5
FNDA:52,upsertMeta
FNDA:4,upsertCanonical
FNDA:4,upsertStructuredData
FNDA:4,Seo
FNDA:4,t3
DA:1,1
DA:10,1
DA:12,52
DA:13,52
DA:14,52
DA:15,52
DA:16,52
DA:17,52
DA:18,52
DA:19,52
DA:21,52
DA:22,39
DA:23,39
DA:24,39
DA:25,39
DA:27,52
DA:28,52
DA:30,4
DA:31,4
DA:32,4
DA:34,4
DA:35,3
DA:36,3
DA:37,3
DA:38,3
DA:40,4
DA:41,4
DA:43,4
DA:44,4
DA:45,4
DA:46,4
DA:48,4
DA:49,3
DA:50,3
DA:51,3
DA:52,3
DA:53,3
DA:55,4
DA:56,4
DA:58,1
DA:61,4
DA:62,4
DA:64,4
DA:65,4
DA:66,4
DA:67,4
DA:68,4
DA:69,4
DA:70,4
DA:71,4
DA:73,4
DA:74,4
DA:75,4
DA:76,4
DA:77,4
DA:78,4
DA:79,4
DA:80,4
DA:81,4
DA:82,4
DA:83,4
DA:84,4
DA:85,4
DA:86,4
DA:87,4
DA:88,4
DA:89,4
DA:90,4
DA:91,4
DA:93,4
DA:94,4
DA:95,4
DA:97,4
LF:73
LH:73
BRDA:12,0,0,52
BRDA:21,1,0,39
BRDA:30,2,0,4
BRDA:34,3,0,3
BRDA:43,4,0,4
BRDA:48,5,0,3
BRDA:58,6,0,4
BRDA:61,7,0,0
BRDA:62,8,0,3
BRDA:62,9,0,1
BRDA:62,10,0,0
BRDA:62,11,0,0
BRDA:62,12,0,0
BRDA:95,13,0,0
BRDA:64,14,0,4
BRDA:66,15,0,0
BRDA:71,16,0,2
BRF:17
BRH:11
end_of_record
TN:
SF:src/components/ThemeProvider.tsx
FN:3,ThemeProvider
FNF:1
FNH:1
FNDA:1,ThemeProvider
DA:1,1
DA:3,1
DA:4,1
LF:3
LH:3
BRDA:3,0,0,1
BRDA:3,1,0,0
BRDA:3,2,0,0
BRF:3
BRH:1
end_of_record
TN:
SF:src/components/confirm-dialog.tsx
FN:22,ConfirmDialog
FN:43,t7
FN:51,t9
FNF:3
FNH:2
FNDA:3,ConfirmDialog
FNDA:0,t7
FNDA:1,t9
DA:1,1
DA:9,1
DA:22,1
DA:27,3
DA:28,3
DA:29,3
DA:33,3
DA:34,3
DA:35,3
DA:36,3
DA:37,3
DA:38,3
DA:39,3
DA:40,3
DA:41,3
DA:42,3
DA:43,3
DA:44,3
DA:45,3
DA:47,3
DA:48,3
DA:49,3
DA:50,3
DA:51,3
DA:52,3
DA:54,3
DA:55,3
DA:56,3
DA:57,3
DA:58,3
LF:30
LH:30
BRDA:22,0,0,3
BRDA:27,1,0,1
BRDA:27,2,0,2
BRDA:28,3,0,0
BRDA:29,4,0,2
BRDA:29,5,0,1
BRDA:43,6,0,0
BRDA:43,7,0,0
BRDA:51,8,0,0
BRDA:54,9,0,1
BRDA:54,10,0,2
BRDA:54,11,0,0
BRDA:54,12,0,0
BRDA:54,13,0,0
BRDA:51,14,0,1
BRF:15
BRH:8
end_of_record
TN:
SF:src/components/message-dialog.tsx
FN:24,MessageDialog
FN:51,onClick
FNF:2
FNH:2
FNDA:3,MessageDialog
FNDA:1,onClick
DA:1,1
DA:9,1
DA:10,1
DA:11,1
DA:24,1
DA:25,3
DA:28,3
DA:29,3
DA:30,3
DA:32,1
DA:33,1
DA:34,1
DA:36,1
DA:37,1
DA:38,1
DA:39,1
DA:40,1
DA:41,1
DA:42,1
DA:45,2
DA:46,2
DA:47,2
DA:48,2
DA:49,3
DA:50,3
DA:51,3
DA:53,3
DA:54,3
DA:55,3
DA:56,3
LF:30
LH:30
BRDA:24,0,0,3
BRDA:30,1,0,2
BRDA:30,2,0,1
BRDA:43,3,0,1
BRDA:46,4,0,1
BRDA:47,5,0,1
BRDA:49,6,0,0
BRDA:51,7,0,1
BRF:8
BRH:7
end_of_record
TN:
SF:src/components/profile-cosmetic-avatar.tsx
FN:1,(empty-report)
FNF:1
FNH:1
FNDA:1,(empty-report)
DA:2,0
DA:4,0
DA:16,0
DA:17,0
DA:18,0
DA:19,0
DA:20,0
DA:21,0
DA:22,0
DA:23,0
DA:24,0
DA:25,0
DA:26,0
DA:27,0
DA:28,0
DA:29,0
DA:30,0
DA:31,0
DA:33,0
DA:34,0
DA:35,0
DA:36,0
DA:37,0
DA:38,0
DA:40,0
DA:41,0
DA:42,0
DA:44,0
DA:47,0
DA:48,0
DA:49,0
DA:50,0
DA:51,0
DA:52,0
DA:53,0
DA:54,0
DA:56,0
LF:37
LH:0
BRDA:1,0,0,1
BRF:1
BRH:1
end_of_record
TN:
SF:src/components/auth/AuthShell.tsx
FN:16,AuthShell
FN:16,_temp
FNF:2
FNH:2
FNDA:2,AuthShell
FNDA:6,_temp
DA:2,1
DA:10,1
DA:11,1
DA:12,1
DA:13,1
DA:16,1
DA:18,6
DA:19,6
DA:20,6
DA:21,6
DA:24,6
DA:25,6
DA:27,6
DA:28,6
DA:29,6
DA:30,6
DA:33,6
DA:34,6
DA:35,6
DA:36,6
DA:38,6
DA:39,6
DA:41,6
DA:42,6
DA:44,6
DA:45,6
DA:46,6
DA:48,6
DA:49,6
DA:52,6
DA:53,6
DA:55,6
DA:56,6
DA:57,6
DA:58,6
DA:59,6
DA:60,6
DA:61,6
DA:62,6
DA:63,2
DA:64,2
DA:65,2
DA:67,2
DA:68,2
DA:71,2
DA:72,2
DA:73,2
DA:75,2
DA:76,2
DA:77,2
DA:78,2
DA:80,2
DA:81,2
DA:82,2
DA:83,2
DA:84,2
DA:85,2
DA:86,2
DA:88,2
DA:89,2
DA:90,2
DA:91,2
LF:62
LH:62
BRDA:16,0,0,2
BRDA:16,1,0,6
BRF:2
BRH:2
end_of_record
TN:
SF:src/components/auth/ForgotPasswordForm.tsx
FN:15,ForgotPasswordForm
FN:34,t2
FN:15,_temp2
FN:15,_temp
FNF:4
FNH:4
FNDA:14,ForgotPasswordForm
FNDA:2,t2
FNDA:1,_temp2
FNDA:2,_temp
DA:1,1
DA:2,1
DA:3,1
DA:4,1
DA:5,1
DA:6,1
DA:7,1
DA:8,1
DA:9,1
DA:15,1
DA:16,2
DA:18,2
DA:22,2
DA:23,2
DA:25,2
DA:26,2
DA:27,2
DA:28,1
DA:29,1
DA:30,1
DA:32,2
DA:34,14
DA:36,14
DA:38,14
DA:40,1
DA:41,1
DA:42,1
DA:43,1
DA:44,1
DA:45,1
DA:46,1
DA:48,1
DA:49,1
DA:50,1
DA:51,2
DA:53,1
DA:54,1
DA:55,1
DA:57,1
DA:58,1
DA:59,1
DA:64,1
DA:66,1
DA:67,1
DA:69,12
DA:72,12
DA:73,12
DA:74,3
DA:75,3
DA:76,3
DA:78,3
DA:79,1
DA:80,1
DA:81,1
DA:82,1
DA:83,1
DA:85,1
DA:86,3
DA:88,12
DA:89,14
DA:91,2
DA:92,12
DA:93,12
DA:94,12
DA:95,12
DA:96,12
DA:98,14
DA:100,2
DA:101,2
DA:102,2
DA:103,2
DA:104,2
DA:105,2
DA:106,2
DA:107,4
DA:108,4
DA:109,4
DA:110,5
DA:111,2
DA:112,2
DA:113,2
DA:114,2
DA:116,2
DA:117,2
DA:119,3
DA:121,3
DA:122,5
DA:123,5
DA:125,12
DA:126,12
DA:127,12
DA:128,12
DA:129,12
DA:131,14
DA:132,9
DA:134,2
DA:135,2
DA:136,2
DA:141,2
DA:143,2
DA:144,12
LF:101
LH:101
BRDA:15,0,0,14
BRDA:22,1,0,2
BRDA:32,2,0,12
BRDA:38,3,0,2
BRDA:38,4,0,1
BRDA:45,5,0,1
BRDA:49,6,0,1
BRDA:51,7,0,1
BRDA:56,8,0,1
BRDA:67,9,0,1
BRDA:68,10,0,1
BRDA:70,11,0,1
BRDA:73,12,0,0
BRDA:73,13,0,12
BRDA:73,14,0,3
BRDA:78,15,0,1
BRDA:86,16,0,9
BRDA:86,17,0,12
BRDA:89,18,0,2
BRDA:92,19,0,12
BRDA:98,20,0,4
BRDA:98,21,0,8
BRDA:99,22,0,1
BRDA:103,23,0,10
BRDA:103,24,0,12
BRDA:103,25,0,2
BRDA:106,26,0,10
BRDA:106,27,0,12
BRDA:106,28,0,10
BRDA:106,29,0,10
BRDA:106,30,0,8
BRDA:106,31,0,4
BRDA:110,32,0,5
BRDA:110,33,0,2
BRDA:117,34,0,3
BRDA:122,35,0,7
BRDA:122,36,0,12
BRDA:122,37,0,8
BRDA:122,38,0,7
BRDA:122,39,0,5
BRDA:124,40,0,1
BRDA:131,41,0,4
BRDA:131,42,0,8
BRDA:131,43,0,3
BRDA:131,44,0,9
BRDA:133,45,0,1
BRDA:144,46,0,12
BRDA:34,47,0,2
BRDA:15,48,0,1
BRDA:15,49,0,2
BRDA:27,50,0,1
BRF:51
BRH:50
end_of_record
TN:
SF:src/components/auth/LoginForm.tsx
FN:17,LoginForm
FN:36,onSuccess
FN:44,t2
FN:152,onClick
FN:17,_temp3
FN:17,_temp2
FN:17,_temp
FNF:7
FNH:6
FNDA:12,LoginForm
FNDA:1,onSuccess
FNDA:2,t2
FNDA:0,onClick
FNDA:1,_temp3
FNDA:2,_temp2
FNDA:27,_temp
DA:1,1
DA:2,1
DA:3,1
DA:4,1
DA:5,1
DA:6,1
DA:7,1
DA:8,1
DA:10,1
DA:17,1
DA:18,27
DA:19,27
DA:20,2
DA:22,2
DA:25,2
DA:26,2
DA:28,2
DA:29,2
DA:30,2
DA:31,1
DA:32,1
DA:33,1
DA:34,1
DA:35,2
DA:36,2
DA:37,1
DA:38,1
DA:40,2
DA:42,12
DA:44,12
DA:46,12
DA:49,12
DA:50,12
DA:51,3
DA:52,3
DA:53,3
DA:55,3
DA:56,1
DA:57,1
DA:58,1
DA:59,1
DA:60,1
DA:62,1
DA:63,3
DA:65,12
DA:66,12
DA:68,2
DA:69,12
DA:70,12
DA:71,12
DA:72,12
DA:73,12
DA:74,12
DA:75,12
DA:76,12
DA:77,2
DA:78,2
DA:79,2
DA:80,4
DA:81,4
DA:82,4
DA:83,4
DA:84,1
DA:85,1
DA:86,1
DA:87,1
DA:89,1
DA:90,1
DA:91,4
DA:92,4
DA:94,12
DA:95,12
DA:96,12
DA:98,2
DA:99,2
DA:100,2
DA:101,2
DA:104,2
DA:106,2
DA:107,2
DA:108,12
DA:109,12
DA:110,12
DA:111,12
DA:112,12
DA:113,12
DA:114,2
DA:115,4
DA:116,4
DA:117,4
DA:118,4
DA:119,1
DA:120,1
DA:121,1
DA:122,1
DA:124,1
DA:125,1
DA:126,4
DA:127,4
DA:129,12
DA:130,12
DA:131,12
DA:132,12
DA:133,12
DA:135,12
DA:136,8
DA:138,2
DA:139,2
DA:140,2
DA:142,2
DA:143,2
DA:144,2
DA:146,2
DA:147,2
DA:148,2
DA:149,2
DA:150,2
DA:151,2
DA:152,2
DA:153,2
DA:156,2
DA:158,2
DA:159,2
DA:161,2
DA:162,2
DA:163,2
DA:164,2
DA:165,2
DA:169,2
DA:171,2
DA:172,2
DA:173,12
LF:132
LH:132
BRDA:17,0,0,12
BRDA:25,1,0,10
BRDA:25,2,0,2
BRDA:40,3,0,10
BRDA:50,4,0,0
BRDA:50,5,0,3
BRDA:55,6,0,1
BRDA:63,7,0,9
BRDA:66,8,0,2
BRDA:76,9,0,2
BRDA:76,10,0,10
BRDA:76,11,0,2
BRDA:79,12,0,10
BRDA:79,13,0,10
BRDA:79,14,0,10
BRDA:79,15,0,8
BRDA:79,16,0,4
BRDA:83,17,0,4
BRDA:83,18,0,1
BRDA:91,19,0,8
BRDA:91,20,0,8
BRDA:91,21,0,8
BRDA:91,22,0,4
BRDA:96,23,0,2
BRDA:99,24,0,2
BRDA:107,25,0,2
BRDA:113,26,0,2
BRDA:113,27,0,10
BRDA:113,28,0,2
BRDA:114,29,0,10
BRDA:114,30,0,10
BRDA:114,31,0,8
BRDA:114,32,0,8
BRDA:114,33,0,4
BRDA:118,34,0,4
BRDA:118,35,0,1
BRDA:126,36,0,8
BRDA:126,37,0,10
BRDA:126,38,0,8
BRDA:126,39,0,4
BRDA:135,40,0,3
BRDA:135,41,0,9
BRDA:135,42,0,4
BRDA:135,43,0,8
BRDA:137,44,0,1
BRDA:145,45,0,1
BRDA:160,46,0,1
BRDA:36,47,0,1
BRDA:44,48,0,2
BRDA:17,49,0,1
BRDA:17,50,0,2
BRDA:30,51,0,1
BRDA:17,52,0,27
BRF:53
BRH:52
end_of_record
TN:
SF:src/components/auth/RegisterForm.tsx
FN:21,getErrorMessage
FN:39,RegisterForm
FN:52,mutationFn
FN:71,onError
FN:74,onSuccess
FN:85,onSubmit
FN:245,validate
FN:285,onClick
FNF:8
FNH:7
FNDA:2,getErrorMessage
FNDA:21,RegisterForm
FNDA:3,mutationFn
FNDA:1,onError
FNDA:2,onSuccess
FNDA:3,onSubmit
FNDA:5,validate
FNDA:0,onClick
DA:1,1
DA:2,1
DA:3,1
DA:4,1
DA:5,1
DA:6,1
DA:7,1
DA:8,1
DA:10,1
DA:11,1
DA:19,1
DA:21,2
DA:22,2
DA:23,0
DA:24,0
DA:26,2
DA:28,2
DA:29,2
DA:30,2
DA:32,2
DA:33,0
DA:34,0
DA:36,0
DA:37,0
DA:39,1
DA:40,21
DA:41,21
DA:42,21
DA:44,21
DA:45,21
DA:46,21
DA:47,21
DA:48,21
DA:49,21
DA:51,21
DA:52,21
DA:53,3
DA:54,3
DA:55,3
DA:56,3
DA:57,3
DA:59,2
DA:60,2
DA:61,2
DA:62,2
DA:63,2
DA:65,1
DA:66,1
DA:67,1
DA:68,1
DA:69,1
DA:70,3
DA:71,21
DA:72,1
DA:73,1
DA:74,21
DA:75,2
DA:76,1
DA:77,1
DA:78,1
DA:79,1
DA:81,1
DA:82,2
DA:83,21
DA:85,21
DA:86,3
DA:88,21
DA:89,21
DA:91,21
DA:92,21
DA:93,21
DA:94,21
DA:95,21
DA:96,21
DA:98,21
DA:99,2
DA:100,2
DA:101,2
DA:102,2
DA:104,2
DA:105,2
DA:108,21
DA:109,21
DA:111,21
DA:112,21
DA:113,21
DA:114,21
DA:115,21
DA:116,21
DA:117,21
DA:118,21
DA:119,21
DA:120,21
DA:122,21
DA:123,21
DA:124,21
DA:125,21
DA:126,21
DA:127,21
DA:128,21
DA:129,21
DA:130,21
DA:131,21
DA:132,21
DA:133,21
DA:134,21
DA:135,21
DA:136,21
DA:137,21
DA:138,21
DA:139,21
DA:141,21
DA:142,3
DA:143,3
DA:144,3
DA:145,3
DA:147,3
DA:148,3
DA:150,18
DA:151,18
DA:152,18
DA:155,18
DA:157,21
DA:159,21
DA:160,21
DA:162,21
DA:163,21
DA:164,21
DA:165,21
DA:166,21
DA:167,21
DA:168,21
DA:169,21
DA:170,21
DA:171,21
DA:172,21
DA:173,21
DA:174,21
DA:175,21
DA:176,21
DA:177,21
DA:179,21
DA:180,3
DA:181,3
DA:182,3
DA:183,3
DA:185,3
DA:186,3
DA:188,21
DA:190,21
DA:191,21
DA:192,21
DA:194,21
DA:195,21
DA:196,21
DA:197,21
DA:198,21
DA:199,21
DA:200,21
DA:201,21
DA:203,21
DA:204,21
DA:205,21
DA:206,21
DA:207,21
DA:208,21
DA:209,21
DA:210,21
DA:211,21
DA:213,21
DA:214,3
DA:215,3
DA:216,3
DA:217,3
DA:219,3
DA:220,3
DA:222,18
DA:223,18
DA:224,18
DA:227,18
DA:229,21
DA:231,21
DA:232,21
DA:234,21
DA:235,21
DA:236,21
DA:237,21
DA:238,21
DA:239,21
DA:240,21
DA:241,21
DA:243,21
DA:244,21
DA:245,21
DA:246,5
DA:247,21
DA:248,21
DA:249,21
DA:251,21
DA:252,3
DA:253,3
DA:254,3
DA:255,3
DA:257,3
DA:258,3
DA:260,21
DA:261,21
DA:263,21
DA:264,21
DA:265,21
DA:266,21
DA:267,21
DA:269,21
DA:270,21
DA:272,21
DA:273,21
DA:274,21
DA:276,21
DA:277,21
DA:278,21
DA:280,21
DA:281,21
DA:282,21
DA:283,21
DA:284,21
DA:285,21
DA:286,0
DA:287,0
DA:289,21
DA:291,21
DA:293,21
DA:294,21
DA:295,21
DA:296,21
DA:297,21
DA:300,21
DA:303,21
DA:304,21
DA:305,21
DA:307,21
LF:240
LH:232
BRDA:21,0,0,2
BRDA:22,1,0,0
BRDA:30,2,0,0
BRDA:32,3,0,0
BRDA:39,4,0,21
BRDA:98,5,0,2
BRDA:120,6,0,3
BRDA:120,7,0,18
BRDA:141,8,0,3
BRDA:148,9,0,18
BRDA:168,10,0,3
BRDA:168,11,0,18
BRDA:179,12,0,3
BRDA:201,13,0,3
BRDA:201,14,0,18
BRDA:213,15,0,3
BRDA:220,16,0,18
BRDA:241,17,0,3
BRDA:241,18,0,18
BRDA:251,19,0,3
BRDA:269,20,0,4
BRDA:269,21,0,17
BRDA:41,22,0,61
BRDA:52,23,0,3
BRDA:57,24,0,2
BRDA:63,25,0,1
BRDA:71,26,0,1
BRDA:74,27,0,2
BRDA:75,28,0,1
BRDA:85,29,0,3
BRDA:245,30,0,5
BRDA:246,31,0,1
BRF:32
BRH:29
end_of_record
TN:
SF:src/components/cosmetics/constants.ts
FNF:0
FNH:0
DA:3,1
DA:12,1
DA:13,1
DA:14,1
DA:15,1
DA:16,1
DA:17,1
DA:18,1
DA:19,1
DA:20,1
DA:21,1
DA:22,1
DA:23,1
DA:24,1
DA:25,1
DA:26,1
DA:27,1
DA:28,1
DA:29,1
DA:30,1
DA:31,1
DA:32,1
DA:33,1
DA:34,1
DA:35,1
DA:36,1
DA:37,1
DA:38,1
DA:39,1
DA:40,1
DA:41,1
DA:43,1
DA:46,1
DA:47,1
DA:48,1
DA:49,1
DA:50,1
DA:51,1
DA:52,1
DA:53,1
DA:54,1
DA:55,1
DA:56,1
DA:57,1
DA:58,1
DA:59,1
DA:60,1
DA:61,1
DA:62,1
DA:63,1
DA:64,1
DA:65,1
DA:66,1
DA:67,1
LF:54
LH:54
BRF:0
BRH:0
end_of_record
TN:
SF:src/components/cosmetics/form-utils.ts
FN:14,cosmeticToForm
FN:26,validateCosmeticForm
FN:45,buildCosmeticPayload
FNF:3
FNH:3
FNDA:1,cosmeticToForm
FNDA:7,validateCosmeticForm
FNDA:2,buildCosmeticPayload
DA:4,1
DA:5,1
DA:6,1
DA:7,1
DA:8,1
DA:9,1
DA:10,1
DA:11,1
DA:12,1
DA:14,1
DA:15,1
DA:16,1
DA:17,1
DA:18,1
DA:19,1
DA:20,1
DA:21,1
DA:22,1
DA:23,1
DA:24,1
DA:26,1
DA:27,7
DA:28,7
DA:29,7
DA:31,7
DA:32,3
DA:33,3
DA:34,2
DA:35,2
DA:36,3
DA:38,7
DA:39,1
DA:40,1
DA:42,1
DA:43,1
DA:45,1
DA:46,2
DA:47,2
DA:48,2
DA:49,2
DA:50,2
DA:51,2
DA:52,2
DA:53,2
DA:54,2
DA:55,2
LF:46
LH:46
BRDA:14,0,0,1
BRDA:21,1,0,0
BRDA:22,2,0,0
BRDA:26,3,0,7
BRDA:27,4,0,1
BRDA:27,5,0,6
BRDA:28,6,0,1
BRDA:28,7,0,5
BRDA:29,8,0,1
BRDA:29,9,0,4
BRDA:31,10,0,3
BRDA:33,11,0,2
BRDA:33,12,0,2
BRDA:36,13,0,2
BRDA:38,14,0,1
BRDA:45,15,0,2
BRDA:52,16,0,1
BRDA:53,17,0,1
BRDA:53,18,0,1
BRF:19
BRH:17
end_of_record
TN:
SF:src/components/cosmetics/utils.ts
FN:7,formatPrice
FN:12,filterShopCosmetics
FNF:2
FNH:2
FNDA:2,formatPrice
FNDA:5,filterShopCosmetics
DA:7,1
DA:8,2
DA:9,1
DA:10,1
DA:12,1
DA:13,5
DA:14,5
DA:15,5
DA:16,5
DA:17,5
DA:18,5
DA:20,5
DA:21,15
DA:22,4
DA:23,4
DA:25,15
DA:26,2
DA:27,2
DA:29,9
DA:30,9
DA:31,4
DA:32,4
DA:33,4
DA:34,4
DA:36,4
DA:37,4
DA:38,4
DA:39,15
DA:40,2
DA:41,2
DA:43,7
DA:44,5
DA:45,5
LF:33
LH:33
BRDA:7,0,0,2
BRDA:8,1,0,1
BRDA:12,2,0,5
BRDA:20,3,0,15
BRDA:21,4,0,6
BRDA:21,5,0,4
BRDA:23,6,0,11
BRDA:25,7,0,4
BRDA:25,8,0,2
BRDA:27,9,0,9
BRDA:30,10,0,4
BRDA:39,11,0,2
BRDA:41,12,0,7
BRF:13
BRH:13
end_of_record
TN:
SF:src/components/ui/alert.tsx
FN:22,Alert
FN:37,AlertTitle
FN:50,AlertDescription
FNF:3
FNH:3
FNDA:2,Alert
FNDA:2,AlertTitle
FNDA:2,AlertDescription
DA:1,1
DA:2,1
DA:4,1
DA:6,1
DA:7,1
DA:8,1
DA:9,1
DA:10,1
DA:11,1
DA:12,1
DA:13,1
DA:14,1
DA:15,1
DA:16,1
DA:17,1
DA:18,1
DA:19,1
DA:20,1
DA:22,2
DA:26,2
DA:28,2
DA:29,2
DA:30,2
DA:31,2
DA:32,2
DA:33,2
DA:37,2
DA:39,2
DA:40,2
DA:41,2
DA:42,2
DA:43,2
DA:44,2
DA:45,2
DA:46,2
DA:50,2
DA:53,2
DA:55,2
DA:56,2
DA:57,2
DA:58,2
DA:59,2
DA:60,2
DA:61,2
DA:62,2
LF:45
LH:45
BRDA:22,0,0,2
BRDA:26,1,0,0
BRDA:26,2,0,0
BRDA:31,3,0,0
BRDA:31,4,0,0
BRDA:37,5,0,2
BRDA:37,6,0,0
BRDA:44,7,0,0
BRDA:44,8,0,0
BRDA:50,9,0,2
BRDA:53,10,0,0
BRDA:60,11,0,0
BRDA:60,12,0,0
BRF:13
BRH:3
end_of_record
TN:
SF:src/components/ui/avatar.tsx
FN:8,Avatar
FN:28,AvatarImage
FN:41,AvatarFallback
FN:57,AvatarBadge
FN:73,AvatarGroup
FN:86,AvatarGroupCount
FNF:6
FNH:6
FNDA:1,Avatar
FNDA:1,AvatarImage
FNDA:1,AvatarFallback
FNDA:1,AvatarBadge
FNDA:1,AvatarGroup
FNDA:1,AvatarGroupCount
DA:1,1
DA:3,1
DA:4,1
DA:6,1
DA:8,1
DA:10,1
DA:14,1
DA:16,1
DA:17,1
DA:18,1
DA:19,1
DA:20,1
DA:21,1
DA:22,1
DA:23,1
DA:24,1
DA:28,1
DA:31,1
DA:33,1
DA:34,1
DA:35,1
DA:36,1
DA:37,1
DA:41,1
DA:44,1
DA:46,1
DA:47,1
DA:48,1
DA:49,1
DA:50,1
DA:51,1
DA:52,1
DA:53,1
DA:57,1
DA:59,1
DA:60,1
DA:61,1
DA:62,1
DA:63,1
DA:64,1
DA:65,1
DA:66,1
DA:67,1
DA:68,1
DA:69,1
DA:73,1
DA:75,1
DA:76,1
DA:77,1
DA:78,1
DA:79,1
DA:80,1
DA:81,1
DA:82,1
DA:86,1
DA:89,1
DA:91,1
DA:92,1
DA:93,1
DA:94,1
DA:95,1
DA:96,1
DA:97,1
DA:98,1
LF:64
LH:64
BRDA:8,0,0,1
BRDA:14,1,0,0
BRDA:10,2,0,0
BRDA:22,3,0,0
BRDA:22,4,0,0
BRDA:22,5,0,0
BRDA:28,6,0,1
BRDA:31,7,0,0
BRDA:35,8,0,0
BRDA:35,9,0,0
BRDA:41,10,0,1
BRDA:44,11,0,0
BRDA:51,12,0,0
BRDA:51,13,0,0
BRDA:57,14,0,1
BRDA:57,15,0,0
BRDA:67,16,0,0
BRDA:67,17,0,0
BRDA:73,18,0,1
BRDA:73,19,0,0
BRDA:80,20,0,0
BRDA:80,21,0,0
BRDA:86,22,0,1
BRDA:89,23,0,0
BRDA:96,24,0,0
BRDA:96,25,0,0
BRF:26
BRH:6
end_of_record
TN:
SF:src/components/ui/badge.tsx
FN:29,Badge
FNF:1
FNH:1
FNDA:1,Badge
DA:1,1
DA:2,1
DA:3,1
DA:5,1
DA:7,1
DA:8,1
DA:9,1
DA:10,1
DA:11,1
DA:12,1
DA:13,1
DA:14,1
DA:15,1
DA:16,1
DA:17,1
DA:18,1
DA:19,1
DA:20,1
DA:21,1
DA:22,1
DA:23,1
DA:24,1
DA:25,1
DA:26,1
DA:27,1
DA:29,1
DA:31,1
DA:32,1
DA:35,1
DA:36,1
DA:39,1
DA:40,1
DA:41,1
DA:42,1
DA:43,1
DA:44,1
LF:36
LH:36
BRDA:29,0,0,1
BRDA:35,1,0,0
BRDA:31,2,0,0
BRDA:32,3,0,0
BRDA:36,4,0,0
BRDA:42,5,0,0
BRDA:42,6,0,0
BRDA:42,7,0,0
BRDA:42,8,0,0
BRF:9
BRH:1
end_of_record
TN:
SF:src/components/ui/button.tsx
FN:41,Button
FNF:1
FNH:1
FNDA:78,Button
DA:1,1
DA:2,1
DA:3,1
DA:5,1
DA:7,1
DA:8,1
DA:9,1
DA:10,1
DA:11,1
DA:12,1
DA:13,1
DA:14,1
DA:15,1
DA:16,1
DA:17,1
DA:18,1
DA:19,1
DA:20,1
DA:21,1
DA:22,1
DA:23,1
DA:24,1
DA:25,1
DA:26,1
DA:27,1
DA:28,1
DA:29,1
DA:30,1
DA:31,1
DA:32,1
DA:33,1
DA:34,1
DA:35,1
DA:36,1
DA:37,1
DA:38,1
DA:39,1
DA:41,78
DA:43,78
DA:44,78
DA:45,78
DA:50,78
DA:51,78
DA:54,27
DA:55,27
DA:56,27
DA:57,27
DA:58,27
DA:59,27
DA:60,27
DA:61,27
DA:62,78
DA:63,78
LF:53
LH:53
BRDA:41,0,0,78
BRDA:50,1,0,0
BRDA:43,2,0,45
BRDA:43,3,0,33
BRDA:44,4,0,73
BRDA:44,5,0,5
BRDA:45,6,0,77
BRDA:45,7,0,1
BRDA:51,8,0,1
BRDA:51,9,0,77
BRDA:52,10,0,1
BRDA:52,11,0,1
BRDA:61,12,0,51
BRDA:61,13,0,51
BRDA:61,14,0,0
BRDA:61,15,0,0
BRDA:61,16,0,0
BRF:17
BRH:13
end_of_record
TN:
SF:src/components/ui/card.tsx
FN:5,Card
FN:18,CardHeader
FN:31,CardTitle
FN:41,CardDescription
FN:51,CardAction
FN:64,CardContent
FN:74,CardFooter
FNF:7
FNH:7
FNDA:1,Card
FNDA:1,CardHeader
FNDA:1,CardTitle
FNDA:1,CardDescription
FNDA:1,CardAction
FNDA:1,CardContent
FNDA:1,CardFooter
DA:1,1
DA:3,1
DA:5,1
DA:7,1
DA:8,1
DA:9,1
DA:10,1
DA:11,1
DA:12,1
DA:13,1
DA:14,1
DA:18,1
DA:20,1
DA:21,1
DA:22,1
DA:23,1
DA:24,1
DA:25,1
DA:26,1
DA:27,1
DA:31,1
DA:33,1
DA:34,1
DA:35,1
DA:36,1
DA:37,1
DA:41,1
DA:43,1
DA:44,1
DA:45,1
DA:46,1
DA:47,1
DA:51,1
DA:53,1
DA:54,1
DA:55,1
DA:56,1
DA:57,1
DA:58,1
DA:59,1
DA:60,1
DA:64,1
DA:66,1
DA:67,1
DA:68,1
DA:69,1
DA:70,1
DA:74,1
DA:76,1
DA:77,1
DA:78,1
DA:79,1
DA:80,1
LF:53
LH:53
BRDA:5,0,0,1
BRDA:5,1,0,0
BRDA:12,2,0,0
BRDA:12,3,0,0
BRDA:18,4,0,1
BRDA:18,5,0,0
BRDA:25,6,0,0
BRDA:25,7,0,0
BRDA:31,8,0,1
BRDA:31,9,0,0
BRDA:35,10,0,0
BRDA:35,11,0,0
BRDA:41,12,0,1
BRDA:41,13,0,0
BRDA:45,14,0,0
BRDA:45,15,0,0
BRDA:51,16,0,1
BRDA:51,17,0,0
BRDA:58,18,0,0
BRDA:58,19,0,0
BRDA:64,20,0,1
BRDA:64,21,0,0
BRDA:68,22,0,0
BRDA:68,23,0,0
BRDA:74,24,0,1
BRDA:74,25,0,0
BRDA:78,26,0,0
BRDA:78,27,0,0
BRF:28
BRH:7
end_of_record
TN:
SF:src/components/ui/carousel.tsx
FN:33,useCarousel
FN:43,Carousel
FN:62,t4
FN:68,t5
FN:72,t6
FN:77,t7
FN:89,t8
FN:94,t10
FN:133,CarouselContent
FN:154,CarouselItem
FN:172,CarouselPrevious
FN:202,CarouselNext
FNF:12
FNH:11
FNDA:10,useCarousel
FNDA:2,Carousel
FNDA:1,t4
FNDA:1,t5
FNDA:1,t6
FNDA:0,t7
FNDA:1,t8
FNDA:1,t10
FNDA:2,CarouselContent
FNDA:4,CarouselItem
FNDA:2,CarouselPrevious
FNDA:2,CarouselNext
DA:1,1
DA:2,1
DA:5,1
DA:7,1
DA:8,1
DA:31,1
DA:33,10
DA:34,10
DA:36,10
DA:37,0
DA:38,10
DA:40,10
DA:43,1
DA:44,1
DA:51,1
DA:52,2
DA:53,2
DA:54,2
DA:55,2
DA:56,1
DA:57,2
DA:58,2
DA:59,2
DA:60,2
DA:62,1
DA:63,1
DA:64,1
DA:65,1
DA:66,1
DA:68,1
DA:69,1
DA:70,1
DA:72,1
DA:73,1
DA:74,1
DA:76,1
DA:77,1
DA:78,0
DA:79,0
DA:80,0
DA:81,0
DA:82,0
DA:83,0
DA:84,0
DA:85,1
DA:87,2
DA:89,1
DA:90,1
DA:91,1
DA:92,1
DA:94,1
DA:95,1
DA:96,1
DA:97,1
DA:98,1
DA:100,1
DA:101,1
DA:102,1
DA:103,1
DA:106,2
DA:107,2
DA:112,2
DA:117,2
DA:119,1
DA:120,1
DA:121,1
DA:122,1
DA:123,1
DA:124,1
DA:125,1
DA:127,1
DA:128,1
DA:129,2
DA:133,1
DA:134,2
DA:137,2
DA:138,2
DA:139,2
DA:140,2
DA:142,2
DA:143,2
DA:144,2
DA:145,2
DA:146,1
DA:147,1
DA:148,1
DA:149,1
DA:150,2
DA:154,2
DA:155,4
DA:158,4
DA:159,4
DA:160,4
DA:161,4
DA:162,4
DA:163,4
DA:164,4
DA:165,2
DA:166,2
DA:167,2
DA:168,2
DA:172,1
DA:174,1
DA:175,1
DA:177,1
DA:178,2
DA:181,2
DA:182,2
DA:183,2
DA:184,2
DA:185,2
DA:186,2
DA:187,2
DA:189,2
DA:190,1
DA:191,1
DA:192,2
DA:193,1
DA:194,1
DA:196,1
DA:197,1
DA:198,2
DA:202,1
DA:204,1
DA:205,1
DA:207,1
DA:208,2
DA:211,2
DA:212,2
DA:213,2
DA:214,2
DA:215,2
DA:216,2
DA:217,2
DA:219,2
DA:220,1
DA:221,1
DA:222,2
DA:223,1
DA:224,1
DA:226,1
DA:227,1
DA:228,2
LF:143
LH:135
BRDA:33,0,0,10
BRDA:36,1,0,0
BRDA:43,2,0,2
BRDA:43,3,0,1
BRDA:44,4,0,0
BRDA:55,5,0,0
BRDA:55,6,0,1
BRDA:55,7,0,1
BRDA:61,8,0,1
BRDA:67,9,0,1
BRDA:71,10,0,1
BRDA:75,11,0,1
BRDA:88,12,0,1
BRDA:93,13,0,1
BRDA:112,14,0,0
BRDA:112,15,0,1
BRDA:112,16,0,0
BRDA:112,17,0,0
BRDA:112,18,0,0
BRDA:112,19,0,0
BRDA:112,20,0,0
BRDA:112,21,0,0
BRDA:117,22,0,0
BRDA:117,23,0,1
BRDA:121,24,0,1
BRDA:121,25,0,1
BRDA:121,26,0,1
BRDA:121,27,0,1
BRDA:62,28,0,1
BRDA:63,29,0,0
BRDA:68,30,0,1
BRDA:72,31,0,1
BRDA:89,32,0,1
BRDA:90,33,0,0
BRDA:94,34,0,1
BRDA:95,35,0,0
BRDA:100,36,0,1
BRDA:133,37,0,2
BRDA:133,38,0,1
BRDA:145,39,0,0
BRDA:145,40,0,1
BRDA:145,41,0,1
BRDA:147,42,0,1
BRDA:147,43,0,1
BRDA:154,44,0,4
BRDA:154,45,0,2
BRDA:164,46,0,0
BRDA:164,47,0,2
BRDA:164,48,0,2
BRDA:166,49,0,2
BRDA:166,50,0,2
BRDA:172,51,0,2
BRDA:172,52,0,1
BRDA:174,53,0,0
BRDA:175,54,0,0
BRDA:187,55,0,0
BRDA:189,56,0,1
BRDA:189,57,0,1
BRDA:192,58,0,1
BRDA:202,59,0,2
BRDA:202,60,0,1
BRDA:204,61,0,0
BRDA:205,62,0,0
BRDA:217,63,0,0
BRDA:219,64,0,1
BRDA:219,65,0,1
BRDA:222,66,0,1
BRF:67
BRH:45
end_of_record
TN:
SF:src/components/ui/dialog.tsx
FN:9,Dialog
FN:15,DialogTrigger
FN:21,DialogPortal
FN:27,DialogClose
FN:33,DialogOverlay
FN:49,DialogContent
FN:88,DialogHeader
FN:98,DialogFooter
FN:125,DialogTitle
FN:138,DialogDescription
FNF:10
FNH:9
FNDA:7,Dialog
FNDA:1,DialogTrigger
FNDA:7,DialogPortal
FNDA:0,DialogClose
FNDA:12,DialogOverlay
FNDA:7,DialogContent
FNDA:6,DialogHeader
FNDA:6,DialogFooter
FNDA:6,DialogTitle
FNDA:6,DialogDescription
DA:1,1
DA:2,1
DA:3,1
DA:5,1
DA:6,1
DA:7,1
DA:9,7
DA:11,7
DA:12,7
DA:15,1
DA:17,1
DA:18,1
DA:21,7
DA:23,7
DA:24,7
DA:27,0
DA:29,0
DA:30,0
DA:33,12
DA:36,12
DA:38,6
DA:39,6
DA:40,6
DA:41,6
DA:42,6
DA:43,6
DA:44,12
DA:45,12
DA:49,7
DA:52,7
DA:56,7
DA:58,7
DA:59,7
DA:60,7
DA:61,7
DA:62,7
DA:63,7
DA:64,7
DA:65,7
DA:66,7
DA:68,7
DA:69,7
DA:70,7
DA:71,7
DA:72,7
DA:73,7
DA:74,7
DA:76,7
DA:77,7
DA:78,7
DA:79,7
DA:80,7
DA:81,7
DA:82,7
DA:83,7
DA:84,7
DA:88,6
DA:90,6
DA:91,6
DA:92,6
DA:93,6
DA:94,6
DA:98,6
DA:100,6
DA:105,6
DA:107,6
DA:108,6
DA:109,6
DA:110,6
DA:111,6
DA:112,6
DA:113,6
DA:115,6
DA:116,6
DA:117,1
DA:118,1
DA:119,1
DA:120,6
DA:121,6
DA:125,6
DA:128,6
DA:130,6
DA:131,6
DA:132,6
DA:133,6
DA:134,6
DA:138,6
DA:141,6
DA:143,6
DA:144,6
DA:145,6
DA:146,6
DA:147,6
LF:93
LH:90
BRDA:9,0,0,7
BRDA:11,1,0,0
BRDA:15,2,0,1
BRDA:17,3,0,0
BRDA:21,4,0,7
BRDA:23,5,0,0
BRDA:33,6,0,12
BRDA:36,7,0,0
BRDA:36,8,0,6
BRDA:43,9,0,0
BRDA:49,10,0,7
BRDA:56,11,0,0
BRDA:52,12,0,6
BRDA:52,13,0,1
BRDA:65,14,0,0
BRDA:82,15,0,0
BRDA:82,16,0,0
BRDA:82,17,0,0
BRDA:82,18,0,0
BRDA:88,19,0,6
BRDA:88,20,0,0
BRDA:92,21,0,0
BRDA:92,22,0,0
BRDA:98,23,0,6
BRDA:105,24,0,0
BRDA:100,25,0,5
BRDA:100,26,0,1
BRDA:112,27,0,0
BRDA:116,28,0,1
BRDA:120,29,0,0
BRDA:120,30,0,0
BRDA:120,31,0,0
BRDA:120,32,0,0
BRDA:125,33,0,6
BRDA:128,34,0,0
BRDA:132,35,0,0
BRDA:132,36,0,0
BRDA:138,37,0,6
BRDA:141,38,0,0
BRDA:145,39,0,0
BRDA:145,40,0,0
BRF:41
BRH:15
end_of_record
TN:
SF:src/components/ui/input.tsx
FN:5,Input
FNF:1
FNH:1
FNDA:109,Input
DA:1,1
DA:3,1
DA:5,109
DA:7,25
DA:8,25
DA:9,25
DA:10,25
DA:11,25
DA:12,25
DA:13,25
DA:14,25
DA:15,25
DA:16,109
DA:17,109
LF:14
LH:14
BRDA:5,0,0,109
BRDA:5,1,0,0
BRDA:5,2,0,25
BRDA:15,3,0,84
BRDA:15,4,0,0
BRDA:15,5,0,0
BRF:6
BRH:3
end_of_record
TN:
SF:src/components/ui/label.tsx
FN:6,Label
FNF:1
FNH:1
FNDA:103,Label
DA:1,1
DA:2,1
DA:4,1
DA:6,103
DA:9,103
DA:11,25
DA:12,25
DA:13,25
DA:14,25
DA:15,25
DA:16,25
DA:17,103
DA:18,103
LF:13
LH:13
BRDA:6,0,0,103
BRDA:9,1,0,0
BRDA:9,2,0,25
BRDA:16,3,0,78
BRDA:16,4,0,0
BRF:5
BRH:3
end_of_record
TN:
SF:src/components/ui/navigation-menu.tsx
FN:8,NavigationMenu
FN:32,NavigationMenuList
FN:48,NavigationMenuItem
FN:65,NavigationMenuTrigger
FN:85,NavigationMenuContent
FN:102,NavigationMenuViewport
FN:124,NavigationMenuLink
FN:140,NavigationMenuIndicator
FNF:8
FNH:7
FNDA:1,NavigationMenu
FNDA:1,NavigationMenuList
FNDA:1,NavigationMenuItem
FNDA:1,NavigationMenuTrigger
FNDA:1,NavigationMenuContent
FNDA:1,NavigationMenuViewport
FNDA:0,NavigationMenuLink
FNDA:1,NavigationMenuIndicator
DA:1,1
DA:2,1
DA:3,1
DA:4,1
DA:6,1
DA:8,1
DA:11,1
DA:15,1
DA:17,1
DA:18,1
DA:19,1
DA:20,1
DA:21,1
DA:22,1
DA:23,1
DA:24,1
DA:26,1
DA:27,1
DA:28,1
DA:32,1
DA:35,1
DA:37,1
DA:38,1
DA:39,1
DA:40,1
DA:41,1
DA:42,1
DA:43,1
DA:44,1
DA:48,1
DA:51,1
DA:53,1
DA:54,1
DA:55,1
DA:56,1
DA:57,1
DA:61,1
DA:62,1
DA:63,1
DA:65,1
DA:69,1
DA:71,1
DA:72,1
DA:73,1
DA:74,1
DA:76,1
DA:77,1
DA:78,1
DA:79,1
DA:80,1
DA:81,1
DA:85,1
DA:88,1
DA:90,1
DA:91,1
DA:92,1
DA:93,1
DA:94,1
DA:95,1
DA:96,1
DA:97,1
DA:98,1
DA:102,1
DA:105,1
DA:107,1
DA:108,1
DA:109,1
DA:110,1
DA:112,1
DA:113,1
DA:114,1
DA:115,1
DA:116,1
DA:117,1
DA:118,1
DA:120,1
DA:124,0
DA:127,0
DA:129,0
DA:130,0
DA:131,0
DA:132,0
DA:133,0
DA:134,0
DA:135,0
DA:136,0
DA:140,1
DA:143,1
DA:145,1
DA:146,1
DA:147,1
DA:148,1
DA:149,1
DA:150,1
DA:151,1
DA:153,1
DA:154,1
LF:97
LH:87
BRDA:8,0,0,1
BRDA:15,1,0,0
BRDA:11,2,0,0
BRDA:23,3,0,0
BRDA:27,4,0,0
BRDA:27,5,0,0
BRDA:27,6,0,0
BRDA:27,7,0,0
BRDA:27,8,0,0
BRDA:32,9,0,1
BRDA:35,10,0,0
BRDA:42,11,0,0
BRDA:42,12,0,0
BRDA:48,13,0,1
BRDA:51,14,0,0
BRDA:55,15,0,0
BRDA:55,16,0,0
BRDA:65,17,0,1
BRDA:69,18,0,0
BRDA:73,19,0,0
BRDA:85,20,0,1
BRDA:88,21,0,0
BRDA:96,22,0,0
BRDA:96,23,0,0
BRDA:102,24,0,1
BRDA:105,25,0,0
BRDA:110,26,0,0
BRDA:117,27,0,0
BRDA:117,28,0,0
BRDA:140,29,0,1
BRDA:143,30,0,0
BRDA:150,31,0,0
BRF:32
BRH:7
end_of_record
TN:
SF:src/components/ui/pagination.tsx
FN:11,Pagination
FN:23,PaginationContent
FN:36,PaginationItem
FN:45,PaginationLink
FN:68,PaginationPrevious
FN:85,PaginationNext
FN:102,PaginationEllipsis
FNF:7
FNH:7
FNDA:1,Pagination
FNDA:1,PaginationContent
FNDA:4,PaginationItem
FNDA:3,PaginationLink
FNDA:1,PaginationPrevious
FNDA:1,PaginationNext
FNDA:1,PaginationEllipsis
DA:1,1
DA:2,1
DA:8,1
DA:9,1
DA:11,1
DA:13,1
DA:14,1
DA:15,1
DA:16,1
DA:17,1
DA:18,1
DA:19,1
DA:23,1
DA:26,1
DA:28,1
DA:29,1
DA:30,1
DA:31,1
DA:32,1
DA:36,4
DA:37,4
DA:45,3
DA:48,3
DA:50,3
DA:52,3
DA:53,3
DA:54,3
DA:55,3
DA:56,3
DA:57,3
DA:58,3
DA:60,3
DA:61,3
DA:62,3
DA:63,3
DA:64,3
DA:68,1
DA:71,1
DA:73,1
DA:74,1
DA:75,1
DA:76,1
DA:77,1
DA:79,1
DA:80,1
DA:81,1
DA:85,1
DA:88,1
DA:90,1
DA:91,1
DA:92,1
DA:93,1
DA:94,1
DA:96,1
DA:97,1
DA:98,1
DA:102,1
DA:105,1
DA:107,1
DA:108,1
DA:109,1
DA:110,1
DA:111,1
DA:113,1
DA:114,1
DA:115,1
LF:66
LH:66
BRDA:11,0,0,1
BRDA:11,1,0,0
BRDA:17,2,0,0
BRDA:17,3,0,0
BRDA:23,4,0,1
BRDA:26,5,0,0
BRDA:30,6,0,0
BRDA:30,7,0,0
BRDA:36,8,0,4
BRDA:36,9,0,0
BRDA:45,10,0,3
BRDA:50,11,0,0
BRDA:48,12,0,1
BRDA:48,13,0,2
BRDA:53,14,0,1
BRDA:53,15,0,2
BRDA:53,16,0,0
BRDA:53,17,0,0
BRDA:58,18,0,1
BRDA:58,19,0,2
BRDA:62,20,0,0
BRDA:62,21,0,0
BRDA:62,22,0,0
BRDA:62,23,0,0
BRDA:68,24,0,1
BRDA:71,25,0,0
BRDA:76,26,0,0
BRDA:85,27,0,1
BRDA:88,28,0,0
BRDA:93,29,0,0
BRDA:102,30,0,1
BRDA:105,31,0,0
BRDA:110,32,0,0
BRF:33
BRH:13
end_of_record
TN:
SF:src/components/ui/progress.tsx
FN:8,Progress
FNF:1
FNH:1
FNDA:1,Progress
DA:1,1
DA:3,1
DA:4,1
DA:6,1
DA:8,1
DA:12,1
DA:14,1
DA:15,1
DA:16,1
DA:17,1
DA:18,1
DA:19,1
DA:20,1
DA:22,1
DA:23,1
DA:24,1
DA:25,1
DA:26,1
DA:27,1
LF:19
LH:19
BRDA:8,0,0,1
BRDA:12,1,0,0
BRDA:19,2,0,0
BRDA:25,3,0,0
BRF:4
BRH:1
end_of_record
TN:
SF:src/components/ui/select.tsx
FN:7,Select
FN:13,SelectGroup
FN:19,SelectValue
FN:25,SelectTrigger
FN:51,SelectContent
FN:88,SelectLabel
FN:101,SelectItem
FN:128,SelectSeparator
FN:141,SelectScrollUpButton
FN:159,SelectScrollDownButton
FNF:10
FNH:10
FNDA:1,Select
FNDA:1,SelectGroup
FNDA:1,SelectValue
FNDA:1,SelectTrigger
FNDA:1,SelectContent
FNDA:1,SelectLabel
FNDA:2,SelectItem
FNDA:1,SelectSeparator
FNDA:2,SelectScrollUpButton
FNDA:2,SelectScrollDownButton
DA:1,1
DA:2,1
DA:3,1
DA:5,1
DA:7,1
DA:9,1
DA:10,1
DA:13,1
DA:15,1
DA:16,1
DA:19,1
DA:21,1
DA:22,1
DA:25,1
DA:27,1
DA:32,1
DA:34,1
DA:35,1
DA:36,1
DA:37,1
DA:38,1
DA:39,1
DA:40,1
DA:41,1
DA:43,1
DA:44,1
DA:45,1
DA:46,1
DA:47,1
DA:51,1
DA:54,1
DA:55,1
DA:57,1
DA:59,1
DA:60,1
DA:61,1
DA:62,1
DA:63,1
DA:64,1
DA:65,1
DA:66,1
DA:67,1
DA:68,1
DA:69,1
DA:70,1
DA:72,1
DA:73,1
DA:74,1
DA:75,1
DA:76,1
DA:77,1
DA:78,1
DA:80,1
DA:81,1
DA:82,1
DA:83,1
DA:84,1
DA:88,1
DA:91,1
DA:93,1
DA:94,1
DA:95,1
DA:96,1
DA:97,1
DA:101,2
DA:105,2
DA:107,2
DA:108,2
DA:109,2
DA:110,2
DA:111,2
DA:112,2
DA:113,2
DA:115,2
DA:116,2
DA:117,2
DA:119,2
DA:120,2
DA:121,2
DA:122,2
DA:123,2
DA:124,2
DA:128,1
DA:131,1
DA:133,1
DA:134,1
DA:135,1
DA:136,1
DA:137,1
DA:141,2
DA:144,2
DA:146,2
DA:147,2
DA:148,2
DA:149,2
DA:150,2
DA:151,2
DA:152,2
DA:154,2
DA:155,2
DA:159,2
DA:162,2
DA:164,2
DA:165,2
DA:166,2
DA:167,2
DA:168,2
DA:169,2
DA:170,2
DA:172,2
DA:173,2
LF:111
LH:111
BRDA:7,0,0,1
BRDA:9,1,0,0
BRDA:13,2,0,1
BRDA:15,3,0,0
BRDA:19,4,0,1
BRDA:21,5,0,0
BRDA:25,6,0,1
BRDA:32,7,0,0
BRDA:27,8,0,0
BRDA:40,9,0,0
BRDA:51,10,0,1
BRDA:57,11,0,0
BRDA:54,12,0,0
BRDA:55,13,0,0
BRDA:65,14,0,0
BRDA:67,15,0,0
BRDA:78,16,0,0
BRDA:78,17,0,0
BRDA:88,18,0,1
BRDA:91,19,0,0
BRDA:95,20,0,0
BRDA:95,21,0,0
BRDA:101,22,0,2
BRDA:105,23,0,0
BRDA:112,24,0,0
BRDA:128,25,0,1
BRDA:131,26,0,0
BRDA:135,27,0,0
BRDA:135,28,0,0
BRDA:141,29,0,2
BRDA:144,30,0,0
BRDA:151,31,0,0
BRDA:159,32,0,2
BRDA:162,33,0,0
BRDA:169,34,0,0
BRF:35
BRH:10
end_of_record
TN:
SF:src/components/ui/sheet.tsx
FN:9,Sheet
FN:13,SheetTrigger
FN:19,SheetClose
FN:25,SheetPortal
FN:31,SheetOverlay
FN:47,SheetContent
FN:88,SheetHeader
FN:98,SheetFooter
FN:108,SheetTitle
FN:121,SheetDescription
FNF:10
FNH:9
FNDA:1,Sheet
FNDA:1,SheetTrigger
FNDA:0,SheetClose
FNDA:1,SheetPortal
FNDA:2,SheetOverlay
FNDA:1,SheetContent
FNDA:1,SheetHeader
FNDA:1,SheetFooter
FNDA:1,SheetTitle
FNDA:1,SheetDescription
DA:1,1
DA:3,1
DA:4,1
DA:5,1
DA:7,1
DA:9,1
DA:10,1
DA:13,1
DA:15,1
DA:16,1
DA:19,0
DA:21,0
DA:22,0
DA:25,1
DA:27,1
DA:28,1
DA:31,2
DA:34,2
DA:36,1
DA:37,1
DA:38,1
DA:39,1
DA:40,1
DA:41,1
DA:42,2
DA:43,2
DA:47,1
DA:50,1
DA:51,1
DA:56,1
DA:58,1
DA:59,1
DA:60,1
DA:61,1
DA:62,1
DA:63,1
DA:64,1
DA:66,1
DA:68,1
DA:70,1
DA:71,1
DA:72,1
DA:73,1
DA:74,1
DA:76,1
DA:77,1
DA:78,1
DA:79,1
DA:80,1
DA:81,1
DA:82,1
DA:83,1
DA:84,1
DA:88,1
DA:90,1
DA:91,1
DA:92,1
DA:93,1
DA:94,1
DA:98,1
DA:100,1
DA:101,1
DA:102,1
DA:103,1
DA:104,1
DA:108,1
DA:111,1
DA:113,1
DA:114,1
DA:115,1
DA:116,1
DA:117,1
DA:121,1
DA:124,1
DA:126,1
DA:127,1
DA:128,1
DA:129,1
DA:130,1
LF:79
LH:76
BRDA:9,0,0,1
BRDA:9,1,0,0
BRDA:13,2,0,1
BRDA:15,3,0,0
BRDA:25,4,0,1
BRDA:27,5,0,0
BRDA:31,6,0,2
BRDA:34,7,0,0
BRDA:34,8,0,1
BRDA:41,9,0,0
BRDA:47,10,0,1
BRDA:56,11,0,0
BRDA:50,12,0,0
BRDA:51,13,0,0
BRDA:71,14,0,0
BRDA:71,15,0,0
BRDA:71,16,0,0
BRDA:71,17,0,0
BRDA:73,18,0,0
BRDA:82,19,0,0
BRDA:82,20,0,0
BRDA:82,21,0,0
BRDA:82,22,0,0
BRDA:88,23,0,1
BRDA:88,24,0,0
BRDA:92,25,0,0
BRDA:92,26,0,0
BRDA:98,27,0,1
BRDA:98,28,0,0
BRDA:102,29,0,0
BRDA:102,30,0,0
BRDA:108,31,0,1
BRDA:111,32,0,0
BRDA:115,33,0,0
BRDA:115,34,0,0
BRDA:121,35,0,1
BRDA:124,36,0,0
BRDA:128,37,0,0
BRDA:128,38,0,0
BRF:39
BRH:10
end_of_record
TN:
SF:src/components/ui/table.tsx
FN:5,Table
FN:20,TableHeader
FN:30,TableBody
FN:40,TableFooter
FN:53,TableRow
FN:66,TableHead
FN:79,TableCell
FN:92,TableCaption
FNF:8
FNH:8
FNDA:1,Table
FNDA:1,TableHeader
FNDA:1,TableBody
FNDA:1,TableFooter
FNDA:3,TableRow
FNDA:1,TableHead
FNDA:2,TableCell
FNDA:1,TableCaption
DA:1,1
DA:3,1
DA:5,1
DA:7,1
DA:8,1
DA:9,1
DA:11,1
DA:12,1
DA:13,1
DA:14,1
DA:16,1
DA:20,1
DA:22,1
DA:23,1
DA:24,1
DA:25,1
DA:26,1
DA:30,1
DA:32,1
DA:33,1
DA:34,1
DA:35,1
DA:36,1
DA:40,1
DA:42,1
DA:43,1
DA:44,1
DA:45,1
DA:46,1
DA:47,1
DA:48,1
DA:49,1
DA:53,3
DA:55,3
DA:56,3
DA:57,3
DA:58,3
DA:59,3
DA:60,3
DA:61,3
DA:62,3
DA:66,1
DA:68,1
DA:69,1
DA:70,1
DA:71,1
DA:72,1
DA:73,1
DA:74,1
DA:75,1
DA:79,2
DA:81,2
DA:82,2
DA:83,2
DA:84,2
DA:85,2
DA:86,2
DA:87,2
DA:88,2
DA:92,1
DA:95,1
DA:97,1
DA:98,1
DA:99,1
DA:100,1
DA:101,1
LF:66
LH:66
BRDA:5,0,0,1
BRDA:5,1,0,0
BRDA:13,2,0,0
BRDA:13,3,0,0
BRDA:20,4,0,1
BRDA:20,5,0,0
BRDA:24,6,0,0
BRDA:24,7,0,0
BRDA:30,8,0,1
BRDA:30,9,0,0
BRDA:34,10,0,0
BRDA:34,11,0,0
BRDA:40,12,0,1
BRDA:40,13,0,0
BRDA:47,14,0,0
BRDA:47,15,0,0
BRDA:53,16,0,3
BRDA:53,17,0,0
BRDA:60,18,0,0
BRDA:60,19,0,0
BRDA:66,20,0,1
BRDA:66,21,0,0
BRDA:73,22,0,0
BRDA:73,23,0,0
BRDA:79,24,0,2
BRDA:79,25,0,0
BRDA:86,26,0,0
BRDA:86,27,0,0
BRDA:92,28,0,1
BRDA:95,29,0,0
BRDA:99,30,0,0
BRDA:99,31,0,0
BRF:32
BRH:8
end_of_record
TN:
SF:src/components/ui/tabs.tsx
FN:7,Tabs
FN:41,TabsList
FN:57,TabsTrigger
FN:76,TabsContent
FNF:4
FNH:4
FNDA:1,Tabs
FNDA:1,TabsList
FNDA:2,TabsTrigger
FNDA:2,TabsContent
DA:1,1
DA:2,1
DA:3,1
DA:5,1
DA:7,1
DA:9,1
DA:11,1
DA:13,1
DA:14,1
DA:15,1
DA:16,1
DA:17,1
DA:18,1
DA:19,1
DA:20,1
DA:21,1
DA:22,1
DA:26,1
DA:27,1
DA:28,1
DA:29,1
DA:30,1
DA:31,1
DA:32,1
DA:33,1
DA:34,1
DA:35,1
DA:36,1
DA:37,1
DA:38,1
DA:39,1
DA:41,1
DA:43,1
DA:46,1
DA:48,1
DA:49,1
DA:50,1
DA:51,1
DA:52,1
DA:53,1
DA:57,2
DA:60,2
DA:62,2
DA:63,2
DA:64,2
DA:65,2
DA:66,2
DA:67,2
DA:68,2
DA:69,2
DA:70,2
DA:71,2
DA:72,2
DA:76,2
DA:79,2
DA:81,2
DA:82,2
DA:83,2
DA:84,2
DA:85,2
LF:60
LH:60
BRDA:7,0,0,1
BRDA:11,1,0,0
BRDA:9,2,0,0
BRDA:20,3,0,0
BRDA:20,4,0,0
BRDA:20,5,0,0
BRDA:41,6,0,1
BRDA:46,7,0,0
BRDA:43,8,0,0
BRDA:43,9,0,0
BRDA:51,10,0,0
BRDA:51,11,0,0
BRDA:51,12,0,0
BRDA:57,13,0,2
BRDA:60,14,0,0
BRDA:70,15,0,0
BRDA:70,16,0,0
BRDA:76,17,0,2
BRDA:79,18,0,0
BRDA:83,19,0,0
BRDA:83,20,0,0
BRF:21
BRH:4
end_of_record
TN:
SF:src/components/ui/tooltip.tsx
FN:6,TooltipProvider
FN:19,Tooltip
FN:29,TooltipTrigger
FN:35,TooltipContent
FNF:4
FNH:4
FNDA:7,TooltipProvider
FNDA:7,Tooltip
FNDA:7,TooltipTrigger
FNDA:7,TooltipContent
DA:1,1
DA:2,1
DA:4,1
DA:6,7
DA:7,7
DA:9,7
DA:11,7
DA:12,7
DA:13,7
DA:14,7
DA:15,7
DA:19,7
DA:21,7
DA:23,7
DA:24,7
DA:25,7
DA:29,7
DA:31,7
DA:32,7
DA:35,7
DA:37,7
DA:40,7
DA:42,7
DA:43,7
DA:44,7
DA:45,7
DA:46,7
DA:47,7
DA:48,7
DA:49,7
DA:50,7
DA:52,7
DA:53,7
DA:54,7
DA:55,7
LF:35
LH:35
BRDA:6,0,0,7
BRDA:9,1,0,0
BRDA:7,2,0,0
BRDA:7,3,0,0
BRDA:19,4,0,7
BRDA:21,5,0,0
BRDA:29,6,0,7
BRDA:31,7,0,0
BRDA:35,8,0,7
BRDA:40,9,0,0
BRDA:37,10,0,6
BRDA:37,11,0,1
BRDA:49,12,0,0
BRF:13
BRH:6
end_of_record
TN:
SF:src/lib/api-error.ts
FN:3,getApiErrorMessage
FNF:1
FNH:1
FNDA:4,getApiErrorMessage
DA:1,1
DA:3,1
DA:4,4
DA:6,3
DA:7,4
DA:8,4
DA:9,1
DA:10,1
LF:8
LH:8
BRDA:3,0,0,4
BRDA:4,1,0,1
BRDA:4,2,0,3
BRDA:7,3,0,1
BRDA:7,4,0,2
BRDA:8,5,0,1
BRF:6
BRH:6
end_of_record
TN:
SF:src/lib/challenge-helpers.ts
FN:5,formatDifficulty
FN:9,getStarterCode
FN:18,getStarterCodeForLanguage
FN:69,getInitialCode
FN:73,buildCodeByLanguage
FN:85,getEditorPath
FN:89,buildInitialQuizAnswers
FN:95,getCaseInputValue
FN:109,buildCssBattleDocument
FN:117,buildCssBattleStarterMarkup
FN:128,parseCssColor
FN:145,parseCssBattleColors
FNF:12
FNH:11
FNDA:3,formatDifficulty
FNDA:0,getStarterCode
FNDA:11,getStarterCodeForLanguage
FNDA:1,getInitialCode
FNDA:1,buildCodeByLanguage
FNDA:5,getEditorPath
FNDA:2,buildInitialQuizAnswers
FNDA:3,getCaseInputValue
FNDA:1,buildCssBattleDocument
FNDA:2,buildCssBattleStarterMarkup
FNDA:3,parseCssColor
FNDA:3,parseCssBattleColors
DA:3,1
DA:5,1
DA:6,3
DA:7,3
DA:9,1
DA:10,0
DA:11,0
DA:12,0
DA:13,0
DA:14,0
DA:15,0
DA:16,0
DA:18,1
DA:19,11
DA:20,11
DA:21,11
DA:22,11
DA:23,11
DA:24,8
DA:26,11
DA:27,4
DA:28,4
DA:30,7
DA:31,11
DA:32,1
DA:33,1
DA:34,1
DA:35,1
DA:36,1
DA:37,1
DA:38,11
DA:39,2
DA:40,2
DA:41,2
DA:42,2
DA:43,2
DA:44,11
DA:45,2
DA:46,2
DA:47,2
DA:48,2
DA:49,2
DA:50,2
DA:51,2
DA:52,2
DA:53,11
DA:54,2
DA:55,2
DA:56,2
DA:57,2
DA:58,2
DA:59,2
DA:60,2
DA:61,2
DA:62,2
DA:63,11
DA:64,11
DA:65,0
DA:66,11
DA:67,11
DA:69,1
DA:70,1
DA:71,1
DA:73,1
DA:74,1
DA:75,1
DA:76,1
DA:77,1
DA:78,1
DA:79,1
DA:80,1
DA:81,1
DA:82,1
DA:83,1
DA:85,1
DA:86,5
DA:87,5
DA:89,1
DA:90,2
DA:91,2
DA:92,2
DA:93,2
DA:95,1
DA:96,3
DA:97,3
DA:98,3
DA:99,3
DA:101,2
DA:102,3
DA:103,3
DA:105,1
DA:106,1
DA:107,1
DA:109,1
DA:110,1
DA:111,1
DA:112,1
DA:113,1
DA:114,1
DA:115,1
DA:117,1
DA:118,2
DA:119,2
DA:121,2
DA:122,1
DA:123,1
DA:125,1
DA:126,1
DA:128,1
DA:129,3
DA:130,3
DA:132,2
DA:133,2
DA:134,2
DA:135,2
DA:137,2
DA:138,3
DA:139,3
DA:140,3
DA:141,3
DA:142,3
DA:143,3
DA:145,1
DA:146,3
DA:148,3
DA:149,1
DA:150,1
DA:152,2
DA:153,2
DA:154,3
DA:155,1
DA:156,1
DA:157,1
DA:158,1
DA:159,3
DA:160,1
DA:163,1
DA:164,1
DA:165,1
DA:166,1
DA:167,1
LF:141
LH:133
BRDA:5,0,0,3
BRDA:18,1,0,11
BRDA:23,2,0,3
BRDA:23,3,0,8
BRDA:24,4,0,1
BRDA:24,5,0,7
BRDA:26,6,0,4
BRDA:28,7,0,7
BRDA:31,8,0,1
BRDA:38,9,0,2
BRDA:44,10,0,2
BRDA:53,11,0,2
BRDA:63,12,0,0
BRDA:64,13,0,0
BRDA:69,14,0,1
BRDA:73,15,0,1
BRDA:85,16,0,5
BRDA:89,17,0,2
BRDA:91,18,0,1
BRDA:91,19,0,1
BRDA:91,20,0,2
BRDA:95,21,0,3
BRDA:99,22,0,1
BRDA:99,23,0,2
BRDA:102,24,0,1
BRDA:102,25,0,1
BRDA:101,26,0,3
BRDA:109,27,0,1
BRDA:117,28,0,2
BRDA:121,29,0,1
BRDA:128,30,0,3
BRDA:130,31,0,1
BRDA:130,32,0,2
BRDA:138,33,0,0
BRDA:139,34,0,2
BRDA:139,35,0,0
BRDA:140,36,0,2
BRDA:140,37,0,0
BRDA:141,38,0,1
BRDA:141,39,0,1
BRDA:134,40,0,7
BRDA:135,41,0,7
BRDA:135,42,0,1
BRDA:135,43,0,6
BRDA:145,44,0,3
BRDA:148,45,0,1
BRDA:150,46,0,2
BRDA:154,47,0,1
BRDA:159,48,0,1
BRDA:156,49,0,4
BRDA:156,50,0,1
BRDA:157,51,0,4
BRDA:165,52,0,3
BRDA:166,53,0,3
BRF:54
BRH:49
end_of_record
TN:
SF:src/lib/equipped-cosmetics.ts
FN:1,(empty-report)
FNF:1
FNH:1
FNDA:1,(empty-report)
DA:16,0
DA:17,0
DA:18,0
DA:19,0
DA:20,0
DA:22,0
DA:23,0
DA:24,0
DA:25,0
DA:26,0
DA:27,0
DA:28,0
DA:29,0
DA:30,0
DA:31,0
DA:32,0
DA:33,0
DA:34,0
DA:36,0
DA:37,0
LF:20
LH:0
BRDA:1,0,0,1
BRF:1
BRH:1
end_of_record
TN:
SF:src/lib/utils.ts
FN:4,cn
FNF:1
FNH:1
FNDA:201,cn
DA:1,1
DA:2,1
DA:4,1
DA:5,201
DA:6,201
LF:5
LH:5
BRDA:4,0,0,201
BRF:1
BRH:1
end_of_record
TN:
SF:src/models/achievement.ts
FN:34,achievementTypeToSlug
FN:38,slugToAchievementType
FNF:2
FNH:2
FNDA:9,achievementTypeToSlug
FNDA:2,slugToAchievementType
DA:34,1
DA:35,9
DA:36,9
DA:38,1
DA:39,2
DA:40,2
DA:41,2
DA:42,2
DA:43,2
DA:44,1
DA:46,2
DA:48,1
DA:49,1
DA:50,1
DA:51,1
DA:52,1
DA:53,1
DA:54,1
DA:55,1
DA:56,1
DA:57,1
DA:58,1
DA:59,1
LF:23
LH:23
BRDA:34,0,0,9
BRDA:38,1,0,2
BRDA:43,2,0,1
BRDA:43,3,0,7
BRF:4
BRH:4
end_of_record
TN:
SF:src/models/challenge.ts
FN:1,(empty-report)
FNF:1
FNH:1
FNDA:1,(empty-report)
LF:0
LH:0
BRDA:1,0,0,1
BRF:1
BRH:1
end_of_record
TN:
SF:src/models/cosmetic.ts
FNF:0
FNH:0
DA:4,1
DA:5,1
DA:6,1
DA:7,1
DA:8,1
DA:9,1
DA:12,1
DA:13,1
DA:14,1
DA:15,1
DA:16,1
DA:19,1
DA:20,1
DA:21,1
DA:22,1
DA:23,1
DA:24,1
DA:25,1
LF:18
LH:18
BRF:0
BRH:0
end_of_record
TN:
SF:src/models/cosmetics-shop.ts
FN:1,(empty-report)
FNF:1
FNH:1
FNDA:1,(empty-report)
LF:0
LH:0
BRDA:1,0,0,1
BRF:1
BRH:1
end_of_record
TN:
SF:src/models/editor-language.ts
FN:1,(empty-report)
FNF:1
FNH:1
FNDA:1,(empty-report)
LF:0
LH:0
BRDA:1,0,0,1
BRF:1
BRH:1
end_of_record
TN:
SF:src/models/imposter-match.ts
FN:1,(empty-report)
FNF:1
FNH:1
FNDA:1,(empty-report)
LF:0
LH:0
BRDA:1,0,0,1
BRF:1
BRH:1
end_of_record
TN:
SF:src/models/lagnuage-labels.ts
FNF:0
FNH:0
DA:3,1
DA:4,1
DA:5,1
DA:6,1
DA:7,1
DA:8,1
DA:9,1
LF:7
LH:7
BRF:0
BRH:0
end_of_record
TN:
SF:src/models/language-file-extensions.ts
FNF:0
FNH:0
DA:3,1
DA:4,1
DA:5,1
DA:6,1
DA:7,1
DA:8,1
DA:9,1
LF:7
LH:7
BRF:0
BRH:0
end_of_record
TN:
SF:src/models/leaderboard.ts
FN:1,(empty-report)
FNF:1
FNH:1
FNDA:1,(empty-report)
LF:0
LH:0
BRDA:1,0,0,1
BRF:1
BRH:1
end_of_record
TN:
SF:src/models/match.ts
FN:1,(empty-report)
FNF:1
FNH:1
FNDA:1,(empty-report)
LF:0
LH:0
BRDA:1,0,0,1
BRF:1
BRH:1
end_of_record
TN:
SF:src/models/paginated-challenge.ts
FN:1,(empty-report)
FNF:1
FNH:1
FNDA:1,(empty-report)
LF:0
LH:0
BRDA:1,0,0,1
BRF:1
BRH:1
end_of_record
TN:
SF:src/models/recommendation.ts
FN:1,(empty-report)
FNF:1
FNH:1
FNDA:1,(empty-report)
LF:0
LH:0
BRDA:1,0,0,1
BRF:1
BRH:1
end_of_record
TN:
SF:src/models/review.ts
FN:1,(empty-report)
FNF:1
FNH:1
FNDA:1,(empty-report)
LF:0
LH:0
BRDA:1,0,0,1
BRF:1
BRH:1
end_of_record
TN:
SF:src/models/team.ts
FN:1,(empty-report)
FNF:1
FNH:1
FNDA:1,(empty-report)
LF:0
LH:0
BRDA:1,0,0,1
BRF:1
BRH:1
end_of_record
TN:
SF:src/models/test-result.ts
FN:1,(empty-report)
FNF:1
FNH:1
FNDA:1,(empty-report)
LF:0
LH:0
BRDA:1,0,0,1
BRF:1
BRH:1
end_of_record
TN:
SF:src/models/user.ts
FNF:0
FNH:0
DA:21,1
DA:22,1
DA:23,1
LF:3
LH:3
BRDA:21,0,0,5
BRF:1
BRH:1
end_of_record
TN:
SF:src/routes/__root.tsx
FN:1,(empty-report)
FNF:1
FNH:0
FNDA:0,(empty-report)
DA:1,0
DA:2,0
DA:3,0
DA:6,0
DA:7,0
DA:9,0
DA:15,0
DA:16,0
DA:17,0
DA:18,0
DA:19,0
DA:20,0
DA:21,0
DA:22,0
DA:23,0
DA:29,0
DA:31,0
DA:32,0
DA:33,0
DA:34,0
DA:35,0
DA:36,0
DA:37,0
DA:38,0
DA:39,0
DA:40,0
DA:41,0
DA:43,0
LF:28
LH:0
BRDA:1,0,0,0
BRF:1
BRH:0
end_of_record
TN:
SF:src/routes/challenge.tsx
FN:270,loader
FNF:1
FNH:0
FNDA:0,loader
DA:1,1
DA:2,1
DA:22,1
DA:84,1
DA:85,1
DA:86,1
DA:87,1
DA:88,1
DA:267,1
DA:268,1
DA:269,1
DA:270,1
DA:271,0
DA:272,0
DA:273,0
DA:274,0
DA:275,0
DA:276,1
LF:18
LH:13
BRF:0
BRH:0
end_of_record
TN:
SF:src/routes/challenges.tsx
FN:1,(empty-report)
FNF:1
FNH:0
FNDA:0,(empty-report)
DA:1,0
DA:136,0
DA:137,0
DA:138,0
DA:139,0
DA:140,0
DA:141,0
DA:1795,0
DA:1796,0
DA:1797,0
LF:10
LH:0
BRDA:1,0,0,0
BRF:1
BRH:0
end_of_record
TN:
SF:src/routes/cosmetics.tsx
FN:1,(empty-report)
FNF:1
FNH:0
FNDA:0,(empty-report)
DA:1,0
DA:56,0
DA:57,0
DA:58,0
LF:4
LH:0
BRDA:1,0,0,0
BRF:1
BRH:0
end_of_record
TN:
SF:src/routes/home.tsx
FN:1,(empty-report)
FNF:1
FNH:0
FNDA:0,(empty-report)
DA:1,0
DA:3,0
DA:4,0
DA:5,0
LF:4
LH:0
BRDA:1,0,0,0
BRF:1
BRH:0
end_of_record
TN:
SF:src/routes/index.tsx
FN:1,(empty-report)
FNF:1
FNH:1
FNDA:1,(empty-report)
DA:5,0
DA:7,0
DA:8,0
DA:9,0
LF:4
LH:0
BRDA:1,0,0,1
BRF:1
BRH:1
end_of_record
TN:
SF:src/routes/leaderboard.tsx
FN:1,(empty-report)
FNF:1
FNH:0
FNDA:0,(empty-report)
DA:1,0
DA:20,0
DA:21,0
DA:22,0
LF:4
LH:0
BRDA:1,0,0,0
BRF:1
BRH:0
end_of_record
TN:
SF:src/routes/achievements/$type.tsx
FN:1,(empty-report)
FNF:1
FNH:0
FNDA:0,(empty-report)
DA:1,0
DA:16,0
DA:17,0
DA:18,0
LF:4
LH:0
BRDA:1,0,0,0
BRF:1
BRH:0
end_of_record
TN:
SF:src/routes/achievements/index.tsx
FN:1,(empty-report)
FNF:1
FNH:0
FNDA:0,(empty-report)
DA:1,0
DA:13,0
DA:14,0
DA:15,0
LF:4
LH:0
BRDA:1,0,0,0
BRF:1
BRH:0
end_of_record
TN:
SF:src/routes/admin/index.tsx
FN:1,(empty-report)
FNF:1
FNH:0
FNDA:0,(empty-report)
DA:1,0
DA:56,0
DA:57,0
DA:58,0
LF:4
LH:0
BRDA:1,0,0,0
BRF:1
BRH:0
end_of_record
TN:
SF:src/routes/admin/review-reports.tsx
FN:1,(empty-report)
FNF:1
FNH:0
FNDA:0,(empty-report)
DA:1,0
DA:33,0
DA:34,0
DA:35,0
LF:4
LH:0
BRDA:1,0,0,0
BRF:1
BRH:0
end_of_record
TN:
SF:src/routes/admin/achievements/new.tsx
FN:1,(empty-report)
FNF:1
FNH:0
FNDA:0,(empty-report)
DA:1,0
DA:51,0
DA:52,0
DA:53,0
LF:4
LH:0
BRDA:1,0,0,0
BRF:1
BRH:0
end_of_record
TN:
SF:src/routes/auth/forgot-password.tsx
FN:1,(empty-report)
FNF:1
FNH:0
FNDA:0,(empty-report)
DA:1,0
DA:5,0
DA:6,0
DA:7,0
LF:4
LH:0
BRDA:1,0,0,0
BRF:1
BRH:0
end_of_record
TN:
SF:src/routes/auth/login.tsx
FN:1,(empty-report)
FNF:1
FNH:0
FNDA:0,(empty-report)
DA:1,0
DA:5,0
DA:6,0
DA:7,0
LF:4
LH:0
BRDA:1,0,0,0
BRF:1
BRH:0
end_of_record
TN:
SF:src/routes/auth/register.tsx
FN:1,(empty-report)
FNF:1
FNH:0
FNDA:0,(empty-report)
DA:1,0
DA:5,0
DA:6,0
DA:7,0
LF:4
LH:0
BRDA:1,0,0,0
BRF:1
BRH:0
end_of_record
TN:
SF:src/routes/cosmetic/$id.tsx
FN:1,(empty-report)
FNF:1
FNH:0
FNDA:0,(empty-report)
DA:1,0
DA:25,0
DA:57,0
DA:58,0
DA:59,0
LF:5
LH:0
BRDA:1,0,0,0
BRF:1
BRH:0
end_of_record
TN:
SF:src/routes/demo/tanstack-query.tsx
FN:1,(empty-report)
FNF:1
FNH:0
FNDA:0,(empty-report)
DA:1,0
DA:4,0
DA:5,0
DA:6,0
LF:4
LH:0
BRDA:1,0,0,0
BRF:1
BRH:0
end_of_record
TN:
SF:src/routes/profile/$userId.tsx
FN:1,(empty-report)
FNF:1
FNH:0
FNDA:0,(empty-report)
DA:1,0
DA:8,0
DA:55,0
DA:56,0
DA:57,0
LF:5
LH:0
BRDA:1,0,0,0
BRF:1
BRH:0
end_of_record
TN:
SF:src/routes/profile/cosmetics.tsx
FN:1,(empty-report)
FNF:1
FNH:0
FNDA:0,(empty-report)
DA:1,0
DA:59,0
DA:60,0
DA:61,0
LF:4
LH:0
BRDA:1,0,0,0
BRF:1
BRH:0
end_of_record
TN:
SF:src/routes/profile/edit/index.tsx
FN:1,(empty-report)
FNF:1
FNH:0
FNDA:0,(empty-report)
DA:1,0
DA:2,0
DA:3,0
DA:4,0
DA:5,0
DA:6,0
DA:8,0
DA:9,0
DA:10,0
DA:11,0
DA:12,0
DA:14,0
DA:15,0
DA:16,0
DA:17,0
DA:18,0
DA:19,0
DA:20,0
DA:21,0
DA:22,0
DA:23,0
DA:24,0
DA:25,0
DA:26,0
DA:28,0
DA:29,0
DA:30,0
DA:31,0
DA:32,0
DA:33,0
DA:34,0
DA:35,0
DA:36,0
DA:40,0
DA:41,0
DA:42,0
DA:43,0
DA:44,0
DA:46,0
DA:47,0
DA:48,0
DA:50,0
DA:51,0
DA:52,0
DA:53,0
DA:54,0
DA:55,0
DA:56,0
DA:57,0
DA:58,0
DA:59,0
DA:60,0
DA:61,0
DA:62,0
DA:64,0
DA:65,0
DA:66,0
DA:67,0
DA:68,0
DA:69,0
DA:70,0
DA:71,0
DA:72,0
DA:73,0
DA:74,0
DA:76,0
DA:77,0
DA:78,0
DA:80,0
DA:81,0
DA:82,0
DA:83,0
DA:84,0
DA:85,0
DA:86,0
DA:87,0
DA:89,0
DA:91,0
DA:92,0
DA:93,0
DA:95,0
DA:96,0
DA:97,0
DA:98,0
DA:99,0
DA:100,0
DA:101,0
DA:102,0
DA:103,0
DA:104,0
DA:106,0
DA:107,0
DA:108,0
DA:109,0
DA:110,0
DA:111,0
DA:112,0
DA:113,0
DA:114,0
DA:115,0
DA:117,0
DA:118,0
DA:119,0
DA:121,0
DA:123,0
DA:124,0
DA:125,0
DA:126,0
DA:127,0
DA:128,0
DA:129,0
DA:130,0
DA:131,0
DA:132,0
DA:133,0
DA:134,0
DA:135,0
DA:137,0
DA:139,0
DA:140,0
DA:141,0
DA:142,0
DA:143,0
DA:144,0
DA:145,0
DA:146,0
DA:147,0
DA:148,0
DA:149,0
DA:150,0
DA:151,0
DA:152,0
DA:154,0
DA:156,0
DA:157,0
DA:158,0
DA:159,0
DA:160,0
DA:161,0
DA:162,0
DA:163,0
DA:164,0
DA:165,0
DA:166,0
DA:167,0
DA:168,0
DA:170,0
DA:172,0
DA:173,0
DA:174,0
DA:175,0
DA:176,0
DA:179,0
DA:180,0
DA:181,0
DA:182,0
DA:183,0
DA:185,0
DA:186,0
DA:187,0
DA:188,0
DA:189,0
DA:191,0
LF:163
LH:0
BRDA:1,0,0,0
BRF:1
BRH:0
end_of_record
TN:
SF:src/routes/profile/edit/password.tsx
FN:26,__vite_ssr_import_3__.z.object.refine.path
FN:33,loader
FN:43,UpdatePasswordPage
FN:70,onSubmit
FN:85,goBack
FNF:5
FNH:3
FNDA:2,__vite_ssr_import_3__.z.object.refine.path
FNDA:0,loader
FNDA:8,UpdatePasswordPage
FNDA:1,onSubmit
FNDA:0,goBack
DA:1,1
DA:2,1
DA:3,1
DA:4,1
DA:5,1
DA:6,1
DA:8,1
DA:9,1
DA:10,1
DA:11,1
DA:12,1
DA:14,1
DA:15,1
DA:16,1
DA:17,1
DA:18,1
DA:19,1
DA:20,1
DA:21,1
DA:22,1
DA:23,1
DA:24,1
DA:25,1
DA:26,1
DA:27,1
DA:28,1
DA:29,1
DA:31,1
DA:32,1
DA:33,1
DA:34,0
DA:35,0
DA:36,0
DA:37,0
DA:38,0
DA:39,1
DA:43,1
DA:44,8
DA:45,8
DA:46,8
DA:48,8
DA:49,0
DA:50,0
DA:52,8
DA:53,0
DA:54,0
DA:56,8
DA:57,8
DA:58,8
DA:59,8
DA:60,8
DA:61,8
DA:62,8
DA:63,8
DA:64,8
DA:65,8
DA:66,8
DA:67,8
DA:68,8
DA:70,8
DA:71,1
DA:72,1
DA:73,1
DA:74,1
DA:75,1
DA:76,1
DA:77,1
DA:78,1
DA:79,1
DA:80,0
DA:81,0
DA:82,0
DA:83,1
DA:85,8
DA:86,0
DA:87,0
DA:89,8
DA:90,8
DA:91,8
DA:92,8
DA:93,8
DA:94,8
DA:95,8
DA:96,8
DA:98,8
DA:100,8
DA:101,8
DA:102,8
DA:104,8
DA:105,8
DA:107,8
DA:108,8
DA:109,8
DA:110,8
DA:111,8
DA:112,0
DA:113,8
DA:114,1
DA:115,7
DA:118,8
DA:119,8
DA:120,8
DA:122,8
DA:123,8
DA:124,8
DA:125,8
DA:126,8
DA:128,8
DA:129,8
DA:130,8
DA:131,8
DA:132,8
DA:133,8
DA:134,8
DA:135,8
DA:136,8
DA:138,8
DA:139,0
DA:140,0
DA:141,0
DA:143,8
DA:145,8
DA:146,8
DA:147,8
DA:148,8
DA:149,8
DA:150,8
DA:151,8
DA:152,8
DA:153,8
DA:155,8
DA:156,0
DA:157,0
DA:158,0
DA:160,8
DA:162,8
DA:163,8
DA:164,8
DA:165,8
DA:166,8
DA:167,8
DA:168,8
DA:169,8
DA:170,8
DA:172,8
DA:173,1
DA:174,1
DA:175,1
DA:177,8
DA:179,8
DA:180,8
DA:181,8
DA:182,8
DA:183,8
DA:185,8
DA:186,8
DA:187,8
DA:188,8
DA:190,8
LF:159
LH:138
BRDA:26,0,0,2
BRDA:43,1,0,8
BRDA:48,2,0,0
BRDA:52,3,0,0
BRDA:108,4,0,0
BRDA:111,5,0,0
BRDA:113,6,0,1
BRDA:114,7,0,7
BRDA:118,8,0,0
BRDA:119,9,0,1
BRDA:138,10,0,0
BRDA:155,11,0,0
BRDA:172,12,0,1
BRDA:185,13,0,2
BRDA:185,14,0,6
BRDA:70,15,0,1
BRDA:77,16,0,0
BRDA:79,17,0,0
BRF:18
BRH:9
end_of_record
TN:
SF:src/routes/teams/$teamId.tsx
FN:1,(empty-report)
FNF:1
FNH:0
FNDA:0,(empty-report)
DA:1,0
DA:2,0
DA:3,0
DA:17,0
DA:18,0
DA:19,0
DA:20,0
DA:21,0
DA:23,0
DA:24,0
DA:28,0
DA:29,0
DA:30,0
DA:32,0
DA:33,0
DA:34,0
DA:36,0
DA:37,0
DA:38,0
DA:39,0
DA:40,0
DA:41,0
DA:42,0
DA:43,0
DA:45,0
DA:46,0
DA:47,0
DA:48,0
DA:50,0
DA:51,0
DA:52,0
DA:53,0
DA:55,0
DA:56,0
DA:57,0
DA:58,0
DA:60,0
DA:61,0
DA:62,0
DA:63,0
DA:64,0
DA:65,0
DA:66,0
DA:67,0
DA:69,0
DA:70,0
DA:71,0
DA:72,0
DA:73,0
DA:74,0
DA:77,0
DA:78,0
DA:79,0
DA:80,0
DA:81,0
DA:82,0
DA:83,0
DA:84,0
DA:85,0
DA:88,0
DA:89,0
DA:91,0
DA:92,0
DA:93,0
DA:94,0
DA:95,0
DA:96,0
DA:97,0
DA:98,0
DA:100,0
DA:101,0
DA:103,0
DA:104,0
DA:105,0
DA:106,0
DA:107,0
DA:109,0
DA:110,0
DA:112,0
DA:113,0
DA:114,0
DA:115,0
DA:116,0
DA:117,0
DA:118,0
DA:119,0
DA:120,0
DA:121,0
DA:122,0
DA:124,0
DA:125,0
DA:126,0
DA:127,0
DA:128,0
DA:129,0
DA:130,0
DA:131,0
DA:132,0
DA:133,0
DA:134,0
DA:135,0
DA:137,0
DA:138,0
DA:139,0
DA:140,0
DA:141,0
DA:142,0
DA:143,0
DA:144,0
DA:145,0
DA:146,0
DA:147,0
DA:148,0
DA:150,0
DA:151,0
DA:152,0
DA:153,0
DA:154,0
DA:156,0
DA:157,0
DA:158,0
DA:159,0
DA:160,0
DA:161,0
DA:162,0
DA:163,0
DA:165,0
DA:166,0
DA:167,0
DA:168,0
DA:170,0
DA:171,0
DA:173,0
DA:174,0
DA:175,0
DA:176,0
DA:177,0
DA:178,0
DA:179,0
DA:181,0
DA:182,0
DA:183,0
DA:184,0
DA:185,0
DA:186,0
DA:187,0
DA:188,0
DA:189,0
DA:190,0
DA:192,0
DA:193,0
DA:194,0
DA:197,0
DA:198,0
DA:199,0
DA:200,0
DA:202,0
DA:203,0
DA:204,0
DA:205,0
DA:206,0
DA:208,0
DA:209,0
DA:210,0
DA:211,0
DA:212,0
DA:213,0
DA:215,0
DA:216,0
DA:217,0
DA:219,0
DA:221,0
DA:222,0
DA:223,0
DA:224,0
DA:225,0
DA:227,0
DA:228,0
DA:231,0
DA:232,0
DA:233,0
DA:234,0
DA:235,0
DA:236,0
DA:237,0
DA:238,0
DA:239,0
DA:240,0
DA:241,0
DA:242,0
DA:243,0
DA:244,0
DA:245,0
DA:246,0
DA:247,0
DA:248,0
DA:249,0
DA:250,0
DA:253,0
DA:254,0
DA:255,0
DA:256,0
DA:257,0
DA:258,0
DA:259,0
DA:260,0
DA:262,0
DA:263,0
DA:267,0
DA:269,0
DA:271,0
DA:272,0
DA:273,0
DA:275,0
DA:276,0
DA:277,0
DA:278,0
DA:281,0
DA:282,0
DA:283,0
DA:284,0
DA:285,0
DA:287,0
DA:288,0
DA:289,0
DA:290,0
DA:291,0
DA:292,0
DA:293,0
DA:294,0
DA:295,0
DA:296,0
DA:297,0
DA:298,0
DA:300,0
DA:301,0
DA:302,0
DA:303,0
DA:304,0
DA:305,0
DA:306,0
DA:308,0
DA:310,0
DA:311,0
DA:312,0
DA:315,0
DA:316,0
DA:317,0
DA:318,0
DA:320,0
DA:321,0
DA:322,0
DA:323,0
DA:324,0
DA:325,0
DA:326,0
DA:327,0
DA:328,0
DA:331,0
DA:332,0
DA:333,0
DA:334,0
DA:336,0
DA:337,0
DA:339,0
DA:340,0
DA:341,0
DA:342,0
DA:343,0
DA:344,0
DA:345,0
DA:346,0
DA:347,0
DA:348,0
DA:349,0
DA:351,0
DA:352,0
DA:353,0
DA:354,0
DA:355,0
DA:356,0
DA:357,0
DA:358,0
DA:359,0
DA:360,0
DA:361,0
DA:363,0
DA:364,0
DA:365,0
DA:366,0
DA:367,0
DA:368,0
DA:369,0
DA:370,0
DA:371,0
DA:373,0
DA:374,0
DA:375,0
DA:376,0
DA:377,0
DA:378,0
DA:379,0
DA:382,0
DA:384,0
DA:385,0
DA:386,0
DA:388,0
DA:389,0
DA:390,0
DA:391,0
DA:393,0
DA:394,0
DA:395,0
DA:396,0
DA:398,0
DA:399,0
DA:401,0
DA:402,0
DA:403,0
DA:405,0
DA:406,0
DA:408,0
DA:409,0
DA:410,0
DA:411,0
DA:412,0
DA:413,0
DA:416,0
DA:417,0
DA:418,0
DA:420,0
DA:422,0
DA:423,0
DA:424,0
DA:425,0
DA:427,0
DA:428,0
DA:430,0
DA:432,0
DA:435,0
DA:436,0
DA:437,0
DA:438,0
DA:439,0
DA:441,0
DA:442,0
DA:445,0
DA:446,0
DA:447,0
DA:448,0
DA:449,0
DA:450,0
DA:451,0
DA:453,0
DA:455,0
DA:456,0
DA:457,0
DA:458,0
DA:460,0
DA:461,0
DA:463,0
DA:464,0
DA:467,0
DA:468,0
DA:469,0
DA:470,0
DA:472,0
DA:473,0
DA:474,0
DA:476,0
DA:477,0
DA:478,0
DA:479,0
DA:480,0
DA:481,0
DA:484,0
DA:485,0
DA:486,0
DA:487,0
DA:489,0
DA:490,0
DA:491,0
DA:492,0
DA:493,0
DA:494,0
DA:495,0
DA:496,0
DA:498,0
DA:499,0
DA:500,0
DA:501,0
DA:502,0
DA:503,0
DA:504,0
DA:505,0
DA:507,0
DA:508,0
DA:509,0
DA:510,0
DA:511,0
DA:512,0
DA:514,0
DA:515,0
DA:516,0
DA:517,0
DA:518,0
DA:521,0
DA:522,0
DA:523,0
DA:525,0
DA:526,0
DA:527,0
DA:528,0
DA:529,0
DA:531,0
DA:532,0
DA:533,0
DA:534,0
DA:535,0
DA:536,0
DA:537,0
DA:538,0
DA:539,0
DA:540,0
DA:543,0
DA:544,0
DA:545,0
DA:546,0
DA:547,0
DA:548,0
DA:550,0
DA:551,0
DA:552,0
DA:553,0
DA:554,0
DA:555,0
DA:556,0
DA:558,0
DA:559,0
DA:561,0
DA:562,0
DA:563,0
DA:564,0
DA:565,0
DA:566,0
DA:567,0
DA:569,0
DA:570,0
DA:572,0
DA:573,0
DA:577,0
DA:578,0
DA:579,0
DA:581,0
DA:582,0
DA:583,0
DA:584,0
DA:585,0
DA:587,0
DA:588,0
DA:589,0
DA:590,0
DA:591,0
DA:592,0
DA:593,0
DA:594,0
DA:595,0
DA:596,0
DA:600,0
DA:601,0
DA:602,0
DA:603,0
DA:605,0
DA:607,0
DA:608,0
DA:610,0
DA:612,0
DA:613,0
DA:614,0
DA:615,0
DA:616,0
DA:618,0
DA:619,0
DA:620,0
DA:621,0
DA:622,0
DA:623,0
DA:624,0
DA:625,0
DA:626,0
DA:627,0
DA:628,0
DA:629,0
DA:631,0
DA:632,0
DA:633,0
DA:634,0
DA:635,0
DA:638,0
DA:639,0
DA:640,0
DA:641,0
DA:642,0
DA:644,0
DA:645,0
DA:646,0
DA:648,0
DA:649,0
DA:651,0
DA:652,0
DA:653,0
DA:654,0
DA:655,0
LF:513
LH:0
BRDA:1,0,0,0
BRF:1
BRH:0
end_of_record
TN:
SF:src/routes/teams/index.tsx
FN:1,(empty-report)
FNF:1
FNH:0
FNDA:0,(empty-report)
DA:1,0
DA:2,0
DA:4,0
DA:5,0
DA:6,0
DA:7,0
DA:8,0
DA:9,0
DA:10,0
DA:20,0
DA:27,0
DA:28,0
DA:30,0
DA:31,0
DA:32,0
DA:34,0
DA:35,0
DA:36,0
DA:37,0
DA:39,0
DA:40,0
DA:41,0
DA:42,0
DA:43,0
DA:46,0
DA:47,0
DA:48,0
DA:49,0
DA:50,0
DA:51,0
DA:52,0
DA:53,0
DA:56,0
DA:57,0
DA:58,0
DA:59,0
DA:61,0
DA:64,0
DA:65,0
DA:66,0
DA:67,0
DA:70,0
DA:71,0
DA:73,0
DA:74,0
DA:76,0
DA:77,0
DA:78,0
DA:80,0
DA:81,0
DA:83,0
DA:85,0
DA:86,0
DA:87,0
DA:88,0
DA:89,0
DA:90,0
DA:92,0
DA:93,0
DA:94,0
DA:96,0
DA:97,0
DA:99,0
DA:100,0
DA:101,0
DA:104,0
DA:105,0
DA:107,0
DA:108,0
DA:109,0
DA:110,0
DA:111,0
DA:112,0
DA:113,0
DA:114,0
DA:115,0
DA:117,0
DA:118,0
DA:119,0
DA:121,0
DA:122,0
DA:123,0
DA:124,0
DA:125,0
DA:126,0
DA:127,0
DA:128,0
DA:130,0
DA:131,0
DA:134,0
DA:135,0
DA:136,0
DA:137,0
DA:138,0
DA:139,0
DA:140,0
DA:141,0
DA:142,0
DA:143,0
DA:145,0
DA:146,0
DA:147,0
DA:148,0
DA:149,0
DA:150,0
DA:151,0
DA:152,0
DA:153,0
DA:155,0
DA:157,0
DA:158,0
DA:159,0
DA:161,0
DA:162,0
DA:163,0
DA:164,0
DA:165,0
DA:168,0
DA:169,0
DA:171,0
DA:172,0
DA:173,0
DA:174,0
DA:175,0
DA:176,0
DA:177,0
DA:179,0
DA:180,0
DA:181,0
DA:183,0
DA:184,0
DA:187,0
DA:188,0
DA:189,0
DA:190,0
DA:191,0
DA:192,0
DA:194,0
DA:195,0
DA:196,0
DA:198,0
DA:199,0
DA:200,0
DA:201,0
DA:202,0
DA:203,0
DA:205,0
DA:206,0
DA:207,0
DA:209,0
DA:210,0
DA:213,0
DA:214,0
DA:215,0
DA:216,0
DA:217,0
DA:218,0
DA:219,0
DA:220,0
DA:221,0
DA:222,0
DA:224,0
DA:226,0
DA:227,0
DA:228,0
DA:229,0
DA:231,0
DA:232,0
DA:233,0
DA:234,0
DA:235,0
DA:236,0
DA:238,0
DA:239,0
DA:240,0
DA:242,0
DA:243,0
DA:246,0
DA:248,0
DA:249,0
DA:250,0
DA:251,0
DA:252,0
DA:254,0
DA:255,0
DA:256,0
DA:257,0
DA:258,0
DA:259,0
DA:260,0
DA:261,0
DA:262,0
DA:263,0
DA:264,0
DA:265,0
DA:266,0
DA:267,0
DA:268,0
DA:269,0
DA:270,0
DA:271,0
DA:272,0
DA:273,0
DA:274,0
DA:275,0
DA:276,0
DA:277,0
DA:279,0
DA:280,0
DA:281,0
DA:282,0
DA:283,0
DA:284,0
DA:285,0
DA:286,0
DA:288,0
DA:289,0
DA:293,0
DA:294,0
DA:295,0
DA:296,0
DA:298,0
DA:299,0
DA:300,0
DA:301,0
DA:302,0
DA:303,0
DA:305,0
DA:307,0
DA:309,0
DA:310,0
DA:311,0
DA:312,0
DA:313,0
DA:315,0
DA:316,0
DA:317,0
DA:321,0
DA:322,0
DA:323,0
DA:325,0
DA:326,0
DA:328,0
DA:329,0
DA:332,0
DA:333,0
DA:336,0
DA:337,0
DA:338,0
DA:339,0
DA:340,0
DA:341,0
DA:342,0
DA:343,0
DA:345,0
DA:346,0
DA:347,0
DA:348,0
DA:349,0
DA:350,0
DA:351,0
DA:352,0
DA:353,0
DA:355,0
DA:356,0
DA:357,0
DA:358,0
DA:359,0
DA:360,0
DA:361,0
DA:362,0
DA:363,0
DA:364,0
DA:366,0
DA:367,0
DA:368,0
DA:371,0
DA:372,0
DA:373,0
DA:374,0
DA:375,0
DA:376,0
DA:377,0
DA:380,0
DA:381,0
DA:382,0
DA:383,0
DA:384,0
DA:385,0
DA:387,0
DA:389,0
DA:390,0
DA:391,0
DA:392,0
DA:393,0
DA:394,0
DA:395,0
DA:398,0
DA:399,0
DA:400,0
DA:401,0
DA:402,0
DA:403,0
DA:405,0
DA:406,0
DA:407,0
DA:409,0
DA:410,0
DA:411,0
DA:412,0
DA:413,0
DA:414,0
DA:415,0
DA:417,0
DA:418,0
DA:419,0
DA:420,0
DA:421,0
DA:424,0
DA:425,0
DA:426,0
DA:427,0
DA:428,0
DA:429,0
DA:430,0
DA:431,0
DA:433,0
DA:434,0
DA:435,0
DA:436,0
DA:437,0
DA:438,0
DA:439,0
DA:440,0
DA:441,0
DA:442,0
DA:443,0
DA:444,0
DA:446,0
DA:447,0
DA:448,0
DA:450,0
DA:451,0
DA:452,0
DA:454,0
DA:455,0
DA:456,0
DA:458,0
DA:459,0
DA:460,0
DA:461,0
DA:462,0
DA:463,0
DA:465,0
DA:466,0
DA:467,0
DA:468,0
DA:469,0
DA:470,0
DA:472,0
DA:473,0
DA:474,0
DA:475,0
DA:476,0
DA:477,0
DA:478,0
DA:479,0
DA:480,0
DA:482,0
DA:483,0
DA:484,0
DA:485,0
DA:486,0
DA:487,0
DA:488,0
DA:489,0
DA:490,0
DA:492,0
DA:493,0
DA:495,0
DA:496,0
DA:497,0
DA:498,0
DA:499,0
DA:500,0
DA:501,0
DA:502,0
DA:503,0
DA:504,0
DA:505,0
DA:506,0
DA:508,0
DA:509,0
DA:511,0
DA:512,0
DA:513,0
DA:514,0
DA:515,0
DA:517,0
DA:519,0
DA:520,0
DA:521,0
DA:522,0
DA:524,0
LF:404
LH:0
BRDA:1,0,0,0
BRF:1
BRH:0
end_of_record
TN:
SF:src/stores/teamStore.ts
FN:7,getPendingInvitationUserId
FN:12,removePendingInvitationFromTeams
FN:50,sanitizeTeamArray
FN:59,useTeamStore.name
FN:66,setMessage
FN:69,fetchTeams
FN:83,fetchMyTeams
FN:93,createTeam
FN:126,updateTeam
FN:132,updateArray
FN:152,deleteTeam
FN:156,filterArray
FN:172,inviteUser
FN:178,updateArray
FN:198,transferLeadership
FN:206,updateArray
FN:227,acceptInvitation
FN:258,updateArray
FN:288,declineInvitation
FN:313,updateArray
FN:338,removeUser
FN:344,updateArray
FN:368,partialize
FN:377,useTeams
FN:382,useAllTeams
FN:387,useTeamLoading
FN:388,useTeamError
FN:389,useTeamMessage
FN:377,_temp
FN:382,_temp2
FN:387,_temp3
FN:388,_temp4
FN:389,_temp5
FNF:33
FNH:23
FNDA:10,getPendingInvitationUserId
FNDA:8,removePendingInvitationFromTeams
FNDA:2,sanitizeTeamArray
FNDA:1,useTeamStore.name
FNDA:1,setMessage
FNDA:3,fetchTeams
FNDA:2,fetchMyTeams
FNDA:3,createTeam
FNDA:2,updateTeam
FNDA:2,updateArray
FNDA:2,deleteTeam
FNDA:2,filterArray
FNDA:2,inviteUser
FNDA:2,updateArray
FNDA:1,transferLeadership
FNDA:2,updateArray
FNDA:3,acceptInvitation
FNDA:1,updateArray
FNDA:2,declineInvitation
FNDA:2,updateArray
FNDA:2,removeUser
FNDA:2,updateArray
FNDA:80,partialize
FNDA:0,useTeams
FNDA:0,useAllTeams
FNDA:0,useTeamLoading
FNDA:0,useTeamError
FNDA:0,useTeamMessage
FNDA:0,_temp
FNDA:0,_temp2
FNDA:0,_temp3
FNDA:0,_temp4
FNDA:0,_temp5
DA:1,1
DA:2,1
DA:3,1
DA:5,1
DA:7,1
DA:8,10
DA:9,10
DA:10,10
DA:12,1
DA:13,8
DA:14,8
DA:15,8
DA:16,8
DA:17,8
DA:18,5
DA:20,5
DA:21,5
DA:22,5
DA:23,5
DA:24,5
DA:25,5
DA:26,8
DA:27,8
DA:50,1
DA:51,2
DA:52,2
DA:53,1
DA:54,0
DA:55,0
DA:57,1
DA:58,1
DA:59,1
DA:60,1
DA:61,1
DA:62,1
DA:63,1
DA:64,1
DA:66,1
DA:69,1
DA:70,3
DA:71,3
DA:72,3
DA:73,1
DA:74,3
DA:75,2
DA:76,1
DA:77,1
DA:78,2
DA:79,2
DA:80,3
DA:83,1
DA:84,2
DA:85,2
DA:86,2
DA:87,1
DA:88,1
DA:89,1
DA:90,1
DA:91,2
DA:93,1
DA:94,3
DA:95,1
DA:96,1
DA:97,1
DA:98,1
DA:99,1
DA:100,1
DA:102,2
DA:103,2
DA:104,2
DA:105,3
DA:106,3
DA:108,1
DA:109,1
DA:110,1
DA:111,1
DA:112,1
DA:113,1
DA:114,1
DA:115,1
DA:116,1
DA:117,3
DA:118,0
DA:119,0
DA:120,0
DA:121,0
DA:122,0
DA:123,0
DA:124,3
DA:126,1
DA:127,2
DA:128,2
DA:129,2
DA:130,2
DA:131,2
DA:132,1
DA:133,2
DA:135,1
DA:136,1
DA:137,1
DA:138,1
DA:139,1
DA:140,1
DA:141,1
DA:142,1
DA:143,2
DA:144,0
DA:145,0
DA:146,0
DA:147,0
DA:148,0
DA:149,0
DA:150,2
DA:152,1
DA:153,2
DA:154,2
DA:155,2
DA:156,1
DA:157,1
DA:158,1
DA:159,1
DA:160,1
DA:161,1
DA:162,1
DA:163,1
DA:164,1
DA:165,0
DA:166,1
DA:167,1
DA:168,1
DA:169,2
DA:172,1
DA:173,2
DA:174,2
DA:175,2
DA:176,2
DA:177,2
DA:178,1
DA:179,2
DA:180,1
DA:181,1
DA:182,1
DA:183,1
DA:184,1
DA:185,1
DA:186,1
DA:187,1
DA:188,1
DA:189,2
DA:190,0
DA:191,0
DA:192,0
DA:193,0
DA:194,0
DA:195,0
DA:196,2
DA:198,1
DA:199,1
DA:200,1
DA:201,1
DA:202,1
DA:203,1
DA:204,1
DA:205,1
DA:206,1
DA:207,2
DA:209,1
DA:210,1
DA:211,1
DA:212,1
DA:213,1
DA:214,1
DA:215,1
DA:216,0
DA:217,0
DA:218,1
DA:219,0
DA:220,0
DA:221,0
DA:222,0
DA:223,0
DA:224,0
DA:225,1
DA:227,1
DA:228,3
DA:229,1
DA:230,1
DA:231,1
DA:232,1
DA:233,1
DA:234,1
DA:236,2
DA:237,2
DA:239,2
DA:240,2
DA:241,2
DA:242,2
DA:243,2
DA:244,2
DA:245,2
DA:246,2
DA:247,2
DA:248,2
DA:249,2
DA:250,2
DA:251,2
DA:252,2
DA:254,2
DA:255,2
DA:256,3
DA:257,3
DA:258,1
DA:259,1
DA:260,1
DA:261,1
DA:262,1
DA:263,1
DA:264,0
DA:265,1
DA:266,1
DA:267,1
DA:268,1
DA:270,1
DA:271,3
DA:272,0
DA:273,0
DA:274,3
DA:275,1
DA:276,1
DA:277,0
DA:278,1
DA:279,1
DA:280,1
DA:281,1
DA:282,1
DA:283,1
DA:284,1
DA:285,1
DA:286,3
DA:288,1
DA:289,2
DA:290,2
DA:292,2
DA:293,2
DA:294,2
DA:295,2
DA:296,2
DA:297,2
DA:298,2
DA:299,2
DA:300,2
DA:301,2
DA:302,2
DA:303,2
DA:304,2
DA:305,2
DA:307,2
DA:308,2
DA:309,2
DA:310,2
DA:311,2
DA:312,2
DA:313,1
DA:314,2
DA:315,1
DA:316,1
DA:317,1
DA:318,1
DA:319,1
DA:320,1
DA:321,2
DA:322,0
DA:323,0
DA:324,2
DA:325,1
DA:326,1
DA:327,0
DA:328,1
DA:329,1
DA:330,1
DA:331,1
DA:332,1
DA:333,1
DA:334,1
DA:335,1
DA:336,2
DA:338,1
DA:339,2
DA:340,2
DA:341,2
DA:342,2
DA:343,2
DA:344,1
DA:345,2
DA:346,1
DA:347,1
DA:348,1
DA:349,1
DA:350,1
DA:351,1
DA:353,1
DA:354,1
DA:355,1
DA:356,1
DA:357,2
DA:358,0
DA:359,0
DA:360,0
DA:361,0
DA:362,0
DA:363,0
DA:364,2
DA:365,1
DA:366,1
DA:367,1
DA:368,1
DA:369,80
DA:370,80
DA:371,80
DA:372,1
DA:373,1
DA:374,1
DA:377,1
DA:378,0
DA:379,0
DA:382,1
DA:383,0
DA:384,0
DA:387,1
DA:388,1
DA:389,1
LF:331
LH:285
BRDA:7,0,0,10
BRDA:8,1,0,8
BRDA:8,2,0,2
BRDA:9,3,0,1
BRDA:12,4,0,8
BRDA:17,5,0,5
BRDA:18,6,0,0
BRDA:22,7,0,0
BRDA:23,8,0,10
BRDA:50,9,0,2
BRDA:51,10,0,0
BRDA:52,11,0,1
BRDA:53,12,0,0
BRDA:59,13,0,1
BRDA:66,14,0,1
BRDA:69,15,0,3
BRDA:72,16,0,1
BRDA:74,17,0,2
BRDA:75,18,0,1
BRDA:76,19,0,0
BRDA:76,20,0,1
BRDA:83,21,0,2
BRDA:86,22,0,1
BRDA:93,23,0,3
BRDA:94,24,0,1
BRDA:100,25,0,2
BRDA:105,26,0,1
BRDA:105,27,0,1
BRDA:106,28,0,1
BRDA:117,29,0,0
BRDA:126,30,0,2
BRDA:130,31,0,1
BRDA:130,32,0,1
BRDA:131,33,0,1
BRDA:143,34,0,0
BRDA:132,35,0,2
BRDA:133,36,0,2
BRDA:133,37,0,0
BRDA:152,38,0,2
BRDA:155,39,0,1
BRDA:164,40,0,0
BRDA:164,41,0,0
BRDA:156,42,0,2
BRDA:156,43,0,2
BRDA:172,44,0,2
BRDA:176,45,0,1
BRDA:176,46,0,1
BRDA:177,47,0,1
BRDA:189,48,0,0
BRDA:178,49,0,2
BRDA:179,50,0,2
BRDA:179,51,0,0
BRDA:198,52,0,1
BRDA:204,53,0,0
BRDA:215,54,0,0
BRDA:218,55,0,0
BRDA:206,56,0,2
BRDA:207,57,0,2
BRDA:207,58,0,0
BRDA:227,59,0,3
BRDA:228,60,0,1
BRDA:234,61,0,2
BRDA:255,62,0,1
BRDA:256,63,0,1
BRDA:256,64,0,0
BRDA:257,65,0,1
BRDA:263,66,0,0
BRDA:271,67,0,0
BRDA:274,68,0,1
BRDA:276,69,0,0
BRDA:276,70,0,0
BRDA:258,71,0,1
BRDA:259,72,0,1
BRDA:259,73,0,0
BRDA:288,74,0,2
BRDA:310,75,0,1
BRDA:311,76,0,1
BRDA:311,77,0,0
BRDA:312,78,0,1
BRDA:321,79,0,0
BRDA:324,80,0,1
BRDA:326,81,0,0
BRDA:326,82,0,0
BRDA:313,83,0,2
BRDA:314,84,0,2
BRDA:314,85,0,0
BRDA:338,86,0,2
BRDA:342,87,0,1
BRDA:342,88,0,1
BRDA:343,89,0,1
BRDA:357,90,0,0
BRDA:344,91,0,2
BRDA:345,92,0,2
BRDA:345,93,0,0
BRDA:368,94,0,80
BRF:95
BRH:66
end_of_record
TN:
SF:src/stores/userStore.ts
FN:25,sanitizeUserArray
FN:36,useUserStore.name
FN:42,setUser
FN:44,clearUser
FN:46,setLoading
FN:48,setError
FN:50,login
FN:69,logout
FN:83,fetchMe
FN:95,partialize
FN:101,useUser
FN:102,useIsAuthenticated
FN:103,useIsAdmin
FN:104,useAuthLoading
FN:105,useAuthError
FN:106,initializeAuth
FN:101,_temp
FN:102,_temp2
FN:103,_temp3
FN:104,_temp4
FN:105,_temp5
FNF:21
FNH:12
FNDA:0,sanitizeUserArray
FNDA:5,useUserStore.name
FNDA:3,setUser
FNDA:1,clearUser
FNDA:1,setLoading
FNDA:1,setError
FNDA:3,login
FNDA:1,logout
FNDA:3,fetchMe
FNDA:42,partialize
FNDA:8,useUser
FNDA:0,useIsAuthenticated
FNDA:0,useIsAdmin
FNDA:0,useAuthLoading
FNDA:0,useAuthError
FNDA:1,initializeAuth
FNDA:18,_temp
FNDA:0,_temp2
FNDA:0,_temp3
FNDA:0,_temp4
FNDA:0,_temp5
DA:1,1
DA:2,1
DA:3,1
DA:20,1
DA:21,1
DA:22,1
DA:23,1
DA:24,1
DA:25,1
DA:26,0
DA:27,0
DA:28,0
DA:29,0
DA:30,0
DA:31,0
DA:32,0
DA:34,1
DA:35,1
DA:36,1
DA:37,5
DA:38,5
DA:39,5
DA:40,5
DA:42,5
DA:44,5
DA:46,5
DA:48,5
DA:50,5
DA:51,3
DA:52,3
DA:53,3
DA:54,1
DA:55,1
DA:56,1
DA:57,1
DA:58,1
DA:59,1
DA:60,3
DA:61,2
DA:62,1
DA:63,1
DA:64,2
DA:65,2
DA:66,2
DA:67,3
DA:69,5
DA:70,1
DA:71,1
DA:72,1
DA:73,1
DA:74,1
DA:75,1
DA:76,1
DA:77,1
DA:78,1
DA:79,1
DA:80,1
DA:81,1
DA:83,5
DA:84,3
DA:85,3
DA:86,3
DA:87,2
DA:88,3
DA:89,1
DA:90,1
DA:91,3
DA:92,5
DA:93,1
DA:94,1
DA:95,1
DA:96,42
DA:97,42
DA:98,1
DA:99,1
DA:100,1
DA:101,1
DA:102,1
DA:103,1
DA:104,1
DA:105,1
DA:106,1
DA:107,1
DA:108,1
LF:84
LH:77
BRDA:36,0,0,5
BRDA:42,1,0,3
BRDA:44,2,0,1
BRDA:46,3,0,1
BRDA:48,4,0,1
BRDA:50,5,0,3
BRDA:53,6,0,1
BRDA:60,7,0,2
BRDA:61,8,0,1
BRDA:62,9,0,0
BRDA:62,10,0,1
BRDA:69,11,0,1
BRDA:72,12,0,0
BRDA:83,13,0,3
BRDA:86,14,0,2
BRDA:88,15,0,1
BRDA:95,16,0,42
BRDA:101,17,0,8
BRDA:106,18,0,1
BRDA:101,19,0,18
BRF:20
BRH:18
end_of_record
